Doxygen version used: 1.9.6 (4586b5cfaa3d46d51f6a51882951d15644c49edf)
Parsing layout file util/docs/layout.xml...
Searching for include files...
Searching for example files...
Searching for images...
Searching for dot files...
Searching for msc files...
Searching for dia files...
Searching for files to exclude
Searching INPUT for files to process...
Searching for files in directory /home/runner/work/pencil/pencil/app
Searching for files in directory /home/runner/work/pencil/pencil/app/ui
Searching for files in directory /home/runner/work/pencil/pencil/app/data
Searching for files in directory /home/runner/work/pencil/pencil/app/data/icons
Searching for files in directory /home/runner/work/pencil/pencil/app/data/icons/themes
Searching for files in directory /home/runner/work/pencil/pencil/app/data/icons/themes/playful
Searching for files in directory /home/runner/work/pencil/pencil/app/data/icons/themes/playful/preferences
Searching for files in directory /home/runner/work/pencil/pencil/app/data/icons/themes/playful/menubar
Searching for files in directory /home/runner/work/pencil/pencil/app/data/icons/themes/playful/controls
Searching for files in directory /home/runner/work/pencil/pencil/app/data/icons/themes/playful/misc
Searching for files in directory /home/runner/work/pencil/pencil/app/data/icons/themes/playful/tools
Searching for files in directory /home/runner/work/pencil/pencil/app/data/icons/themes/playful/window
Searching for files in directory /home/runner/work/pencil/pencil/app/data/icons/themes/playful/onion
Searching for files in directory /home/runner/work/pencil/pencil/app/data/icons/themes/playful/display
Searching for files in directory /home/runner/work/pencil/pencil/app/data/icons/themes/playful/timeline
Searching for files in directory /home/runner/work/pencil/pencil/app/data/icons/general
Searching for files in directory /home/runner/work/pencil/pencil/app/data/resources
Searching for files in directory /home/runner/work/pencil/pencil/app/data/background
Searching for files in directory /home/runner/work/pencil/pencil/app/src
Searching for files in directory /home/runner/work/pencil/pencil/app/translations
Searching for files in directory /home/runner/work/pencil/pencil/core_lib
Searching for files in directory /home/runner/work/pencil/pencil/core_lib/data
Searching for files in directory /home/runner/work/pencil/pencil/core_lib/data/icons
Searching for files in directory /home/runner/work/pencil/pencil/core_lib/data/resources
Searching for files in directory /home/runner/work/pencil/pencil/core_lib/src
Searching for files in directory /home/runner/work/pencil/pencil/core_lib/src/external
Searching for files in directory /home/runner/work/pencil/pencil/core_lib/src/external/macosx
Searching for files in directory /home/runner/work/pencil/pencil/core_lib/src/external/win32
Searching for files in directory /home/runner/work/pencil/pencil/core_lib/src/external/linux
Searching for files in directory /home/runner/work/pencil/pencil/core_lib/src/structure
Searching for files in directory /home/runner/work/pencil/pencil/core_lib/src/graphics
Searching for files in directory /home/runner/work/pencil/pencil/core_lib/src/graphics/vector
Searching for files in directory /home/runner/work/pencil/pencil/core_lib/src/graphics/bitmap
Searching for files in directory /home/runner/work/pencil/pencil/core_lib/src/tool
Searching for files in directory /home/runner/work/pencil/pencil/core_lib/src/managers
Searching for files in directory /home/runner/work/pencil/pencil/core_lib/src/interface
Searching for files in directory /home/runner/work/pencil/pencil/core_lib/src/util
Searching for files in directory /home/runner/work/pencil/pencil/docs
Reading and parsing tag files
Reading tag file 'util/docs/qtcore.tags', location 'https://doc.qt.io/qt-5/'...
Reading tag file 'util/docs/qtgui.tags', location 'https://doc.qt.io/qt-5/'...
Reading tag file 'util/docs/qtnetwork.tags', location 'https://doc.qt.io/qt-5/'...
Reading tag file 'util/docs/qtsvg.tags', location 'https://doc.qt.io/qt-5/'...
Reading tag file 'util/docs/qtteerror: Tag file '/usr/share/qt5/doc/qtcore/qtcore.tags' does not exist or is not a file. Skipping it...
error: Tag file '/usr/share/qt5/doc/qtgui/qtgui.tags' does not exist or is not a file. Skipping it...
error: Tag file '/usr/share/qt5/doc/qtnetwork/qtnetwork.tags' does not exist or is not a file. Skipping it...
error: Tag file '/usr/share/qt5/doc/qtsvg/qtsvg.tags' does not exist or is not a file. Skipping it...
error: Tag file '/usr/share/qt5/doc/qttestlib/qttestlib.tags' does not exist or is not a file. Skipping it...
error: Tag file '/usr/share/qt5/doc/qtwidgets/qtwidgets.tags' does not exist or is not a file. Skipping it...
error: Tag file '/usr/share/qt5/doc/qtxml/qtxml.tags' does not exist or is not a file. Skipping it...
error: Tag file '/usr/share/doc/qt/qtcore/qtcore.tags' does not exist or is not a file. Skipping it...
error: Tag file '/usr/share/doc/qt/qtgui/qtgui.tags' does not exist or is not a file. Skipping it...
error: Tag file '/usr/share/doc/qt/qtnetwork/qtnetwork.tags' does not exist or is not a file. Skipping it...
error: Tag file '/usr/share/doc/qt/qtsvg/qtsvg.tags' does not exist or is not a file. Skipping it...
error: Tag file '/usr/share/doc/qt/qttestlib/qttestlib.tags' does not exist or is not a file. Skipping it...
error: Tag file '/usr/share/doc/qt/qtwidgets/qtwidgets.tags' does not exist or is not a file. Skipping it...
error: Tag file '/usr/share/doc/qt/qtxml/qtxml.tags' does not exist or is not a file. Skipping it...
stlib.tags', location 'https://doc.qt.io/qt-5/'...
Reading tag file 'util/docs/qtwidgets.tags', location 'https://doc.qt.io/qt-5/'...
Reading tag file 'util/docs/qtxml.tags', location 'https://doc.qt.io/qt-5/'...
Parsing files
Preprocessing /home/runner/work/pencil/pencil/app/src/aboutdialog.cpp...
Parsing file /home/runner/work/pencil/pencil/app/src/aboutdialog.cpp...
Preprocessing /home/runner/work/pencil/pencil/app/src/aboutdialog.h...
Parsing file /home/runner/work/pencil/pencil/app/src/aboutdialog.h...
Preprocessing /home/runner/work/pencil/pencil/app/src/actioncommands.cpp...
Parsing file /home/runner/work/pencil/pencil/app/src/actioncommands.cpp...
Preprocessing /home/runner/work/pencil/pencil/app/src/actioncommands.h...
Parsing file /home/runner/work/pencil/pencil/app/src/actioncommands.h...
Preprocessing /home/runner/work/pencil/pencil/app/src/addtransparencytopaperdialog.cpp...
Parsing file /home/runner/work/pencil/pencil/app/src/addtransparencytopaperdialog.cpp...
Preprocessing /home/runner/work/pencil/pencil/app/src/addtransparencytopaperdialog.h...
Parsing file /home/runner/work/pencil/pencil/app/src/addtransparencytopaperdialog.h...
Preprocessing /home/runner/work/pencil/pencil/app/src/app-pch.h...
Parsing file /home/runner/work/pencil/pencil/app/src/app-pch.h...
Preprocessing /home/runner/work/pencil/pencil/app/src/app_util.cpp...
Parsing file /home/runner/work/pencil/pencil/app/src/app_util.cpp...
Preprocessing /home/runner/work/pencil/pencil/app/src/app_util.h...
Parsing file /home/runner/work/pencil/pencil/app/src/app_util.h...
Preprocessing /home/runner/work/pencil/pencil/app/src/appearance.h...
Parsing file /home/runner/work/pencil/pencil/app/src/appearance.h...
Preprocessing /home/runner/work/pencil/pencil/app/src/basedockwidget.cpp...
Parsing file /home/runner/work/pencil/pencil/app/src/basedockwidget.cpp...
Preprocessing /home/runner/work/pencil/pencil/app/src/basedockwidget.h...
Parsing file /home/runner/work/pencil/pencil/app/src/basedockwidget.h...
Preprocessing /home/runner/work/pencil/pencil/app/src/bucketoptionswidget.cpp...
Parsing file /home/runner/work/pencil/pencil/app/src/bucketoptionswidget.cpp...
Preprocessing /home/runner/work/pencil/pencil/app/src/bucketoptionswidget.h...
Parsing file /home/runner/work/pencil/pencil/app/src/bucketoptionswidget.h...
Preprocessing /home/runner/work/pencil/pencil/app/src/buttonappearancewatcher.cpp...
Parsing file /home/runner/work/pencil/pencil/app/src/buttonappearancewatcher.cpp...
Preprocessing /home/runner/work/pencil/pencil/app/src/buttonappearancewatcher.h...
Parsing file /home/runner/work/pencil/pencil/app/src/buttonappearancewatcher.h...
Preprocessing /home/runner/work/pencil/pencil/app/src/cameracontextmenu.cpp...
Parsing file /home/runner/work/pencil/pencil/app/src/cameracontextmenu.cpp...
Preprocessing /home/runner/work/pencil/pencil/app/src/cameracontextmenu.h...
Parsing file /home/runner/work/pencil/pencil/app/src/cameracontextmenu.h...
Preprocessing /home/runner/work/pencil/pencil/app/src/cameraoptionswidget.cpp...
Parsing file /home/runner/work/pencil/pencil/app/src/cameraoptionswidget.cpp...
Preprocessing /home/runner/work/pencil/pencil/app/src/cameraoptionswidget.h...
Parsing file /home/runner/work/pencil/pencil/app/src/cameraoptionswidget.h...
Preprocessing /home/runner/work/pencil/pencil/app/src/camerapropertiesdialog.cpp...
Parsing file /home/runner/work/pencil/pencil/app/src/camerapropertiesdialog.cpp...
Preprocessing /home/runner/work/pencil/pencil/app/src/camerapropertiesdialog.h...
Parsing file /home/runner/work/pencil/pencil/app/src/camerapropertiesdialog.h...
Preprocessing /home/runner/work/pencil/pencil/app/src/checkupdatesdialog.cpp...
Parsing file /home/runner/work/pencil/pencil/app/src/checkupdatesdialog.cpp...
Preprocessing /home/runner/work/pencil/pencil/app/src/checkupdatesdialog.h...
Parsing file /home/runner/work/pencil/pencil/app/src/checkupdatesdialog.h...
Preprocessing /home/runner/work/pencil/pencil/app/src/colorbox.cpp...
Parsing file /home/runner/work/pencil/pencil/app/src/colorbox.cpp...
Preprocessing /home/runner/work/pencil/pencil/app/src/colorbox.h...
Parsing file /home/runner/work/pencil/pencil/app/src/colorbox.h...
Preprocessing /home/runner/work/pencil/pencil/app/src/colorinspector.cpp...
Parsing file /home/runner/work/pencil/pencil/app/src/colorinspector.cpp...
Preprocessing /home/runner/work/pencil/pencil/app/src/colorinspector.h...
Parsing file /home/runner/work/pencil/pencil/app/src/colorinspector.h...
Preprocessing /home/runner/work/pencil/pencil/app/src/colorpalettewidget.cpp...
Parsing file /home/runner/work/pencil/pencil/app/src/colorpalettewidget.cpp...
Preprocessing /home/runner/work/pencil/pencil/app/src/colorpalettewidget.h...
Parsing file /home/runner/work/pencil/pencil/app/src/colorpalettewidget.h...
Preprocessing /home/runner/work/pencil/pencil/app/src/colorslider.cpp...
Parsing file /home/runner/work/pencil/pencil/app/src/colorslider.cpp...
Preprocessing /home/runner/work/pencil/pencil/app/src/colorslider.h...
Parsing file /home/runner/work/pencil/pencil/app/src/colorslider.h...
Preprocessing /home/runner/work/pencil/pencil/app/src/colorwheel.cpp...
Parsing file /home/runner/work/pencil/pencil/app/src/colorwheel.cpp...
Preprocessing /home/runner/work/pencil/pencil/app/src/colorwheel.h...
Parsing file /home/runner/work/pencil/pencil/app/src/colorwheel.h...
Preprocessing /home/runner/work/pencil/pencil/app/src/commandlineexporter.cpp...
Parsing file /home/runner/work/pencil/pencil/app/src/commandlineexporter.cpp...
Preprocessing /home/runner/work/pencil/pencil/app/src/commandlineexporter.h...
Parsing file /home/runner/work/pencil/pencil/app/src/commandlineexporter.h...
Preprocessing /home/runner/work/pencil/pencil/app/src/commandlineparser.cpp...
Parsing file /home/runner/work/pencil/pencil/app/src/commandlineparser.cpp...
Preprocessing /home/runner/work/pencil/pencil/app/src/commandlineparser.h...
Parsing file /home/runner/work/pencil/pencil/app/src/commandlineparser.h...
Preprocessing /home/runner/work/pencil/pencil/app/src/doubleprogressdialog.cpp...
Parsing file /home/runner/work/pencil/pencil/app/src/doubleprogressdialog.cpp...
Preprocessing /home/runner/work/pencil/pencil/app/src/doubleprogressdialog.h...
Parsing file /home/runner/work/pencil/pencil/app/src/doubleprogressdialog.h...
Preprocessing /home/runner/work/pencil/pencil/app/src/elidedlabel.cpp...
Parsing file /home/runner/work/pencil/pencil/app/src/elidedlabel.cpp...
Preprocessing /home/runner/work/pencil/pencil/app/src/elidedlabel.h...
Parsing file /home/runner/work/pencil/pencil/app/src/elidedlabel.h...
Preprocessing /home/runner/work/pencil/pencil/app/src/errordialog.cpp...
Parsing file /home/runner/work/pencil/pencil/app/src/errordialog.cpp...
Preprocessing /home/runner/work/pencil/pencil/app/src/errordialog.h...
Parsing file /home/runner/work/pencil/pencil/app/src/errordialog.h...
Preprocessing /home/runner/work/pencil/pencil/app/src/exportimagedialog.cpp...
Parsing file /home/runner/work/pencil/pencil/app/src/exportimagedialog.cpp...
Preprocessing /home/runner/work/pencil/pencil/app/src/exportimagedialog.h...
Parsing file /home/runner/work/pencil/pencil/app/src/exportimagedialog.h...
Preprocessing /home/runner/work/pencil/pencil/app/src/exportmoviedialog.cpp...
Parsing file /home/runner/work/pencil/pencil/app/src/exportmoviedialog.cpp...
Preprocessing /home/runner/work/pencil/pencil/app/src/exportmoviedialog.h...
Parsing file /home/runner/work/pencil/pencil/app/src/exportmoviedialog.h...
Preprocessing /home/runner/work/pencil/pencil/app/src/filedialog.cpp...
Parsing file /home/runner/work/pencil/pencil/app/src/filedialog.cpp...
Preprocessing /home/runner/work/pencil/pencil/app/src/filedialog.h...
Parsing file /home/runner/work/pencil/pencil/app/src/filedialog.h...
Preprocessing /home/runner/work/pencil/pencil/app/src/filespage.cpp...
Parsing file /home/runner/work/pencil/pencil/app/src/filespage.cpp...
Preprocessing /home/runner/work/pencil/pencil/app/src/filespage.h...
Parsing file /home/runner/work/pencil/pencil/app/src/filespage.h...
Preprocessing /home/runner/work/pencil/pencil/app/src/generalpage.cpp...
Parsing file /home/runner/work/pencil/pencil/app/src/generalpage.cpp...
Preprocessing /home/runner/work/pencil/pencil/app/src/generalpage.h...
Parsing file /home/runner/work/pencil/pencil/app/src/generalpage.h...
Preprocessing /home/runner/work/pencil/pencil/app/src/importexportdialog.cpp...
Parsing file /home/runner/work/pencil/pencil/app/src/importexportdialog.cpp...
Preprocessing /home/runner/work/pencil/pencil/app/src/importexportdialog.h...
Parsing file /home/runner/work/pencil/pencil/app/src/importexportdialog.h...
Preprocessing /home/runner/work/pencil/pencil/app/src/importimageseqdialog.cpp...
Parsing file /home/runner/work/pencil/pencil/app/src/importimageseqdialog.cpp...
Preprocessing /home/runner/work/pencil/pencil/app/src/importimageseqdialog.h...
Parsing file /home/runner/work/pencil/pencil/app/src/importimageseqdialog.h...
Preprocessing /home/runner/work/pencil/pencil/app/src/importlayersdialog.cpp...
Parsing file /home/runner/work/pencil/pencil/app/src/importlayersdialog.cpp...
Preprocessing /home/runner/work/pencil/pencil/app/src/importlayersdialog.h...
Parsing file /home/runner/work/pencil/pencil/app/src/importlayersdialog.h...
Preprocessing /home/runner/work/pencil/pencil/app/src/importpositiondialog.cpp...
Parsing file /home/runner/work/pencil/pencil/app/src/importpositiondialog.cpp...
Preprocessing /home/runner/work/pencil/pencil/app/src/importpositiondialog.h...
Parsing file /home/runner/work/pencil/pencil/app/src/importpositiondialog.h...
Preprocessing /home/runner/work/pencil/pencil/app/src/layeropacitydialog.cpp...
Parsing file /home/runner/work/pencil/pencil/app/src/layeropacitydialog.cpp...
Preprocessing /home/runner/work/pencil/pencil/app/src/layeropacitydialog.h...
Parsing file /home/runner/work/pencil/pencil/app/src/layeropacitydialog.h...
Preprocessing /home/runner/work/pencil/pencil/app/src/main.cpp...
Parsing file /home/runner/work/pencil/pencil/app/src/main.cpp...
Preprocessing /home/runner/work/pencil/pencil/app/src/mainwindow2.cpp...
Parsing file /home/runner/work/pencil/pencil/app/src/mainwindow2.cpp...
Preprocessing /home/runner/work/pencil/pencil/app/src/mainwindow2.h...
Parsing file /home/runner/work/pencil/pencil/app/src/mainwindow2.h...
Preprocessing /home/runner/work/pencil/pencil/app/src/onionskinwidget.cpp...
Parsing file /home/runner/work/pencil/pencil/app/src/onionskinwidget.cpp...
Preprocessing /home/runner/work/pencil/pencil/app/src/onionskinwidget.h...
Parsing file /home/runner/work/pencil/pencil/app/src/onionskinwidget.h...
Preprocessing /home/runner/work/pencil/pencil/app/src/pegbaralignmentdialog.cpp...
Parsing file /home/runner/work/pencil/pencil/app/src/pegbaralignmentdialog.cpp...
Preprocessing /home/runner/work/pencil/pencil/app/src/pegbaralignmentdialog.h...
Parsing file /home/runner/work/pencil/pencil/app/src/pegbaralignmentdialog.h...
Preprocessing /home/runner/work/pencil/pencil/app/src/pencil2d.cpp...
Parsing file /home/runner/work/pencil/pencil/app/src/pencil2d.cpp...
Preprocessing /home/runner/work/pencil/pencil/app/src/pencil2d.h...
Parsing file /home/runner/work/pencil/pencil/app/src/pencil2d.h...
Preprocessing /home/runner/work/pencil/pencil/app/src/popupcolorpalettewidget.cpp...
Parsing file /home/runner/work/pencil/pencil/app/src/popupcolorpalettewidget.cpp...
Preprocessing /home/runner/work/pencil/pencil/app/src/popupcolorpalettewidget.h...
Parsing file /home/runner/work/pencil/pencil/app/src/popupcolorpalettewidget.h...
Preprocessing /home/runner/work/pencil/pencil/app/src/predefinedsetmodel.cpp...
Parsing file /home/runner/work/pencil/pencil/app/src/predefinedsetmodel.cpp...
Preprocessing /home/runner/work/pencil/pencil/app/src/predefinedsetmodel.h...
Parsing file /home/runner/work/pencil/pencil/app/src/predefinedsetmodel.h...
Preprocessing /home/runner/work/pencil/pencil/app/src/preferencesdialog.cpp...
Parsing file /home/runner/work/pencil/pencil/app/src/preferencesdialog.cpp...
Preprocessing /home/runner/work/pencil/pencil/app/src/preferencesdialog.h...
Parsing file /home/runner/work/pencil/pencil/app/src/preferencesdialog.h...
Preprocessing /home/runner/work/pencil/pencil/app/src/presetdialog.cpp...
Parsing file /home/runner/work/pencil/pencil/app/src/presetdialog.cpp...
Preprocessing /home/runner/work/pencil/pencil/app/src/presetdialog.h...
Parsing file /home/runner/work/pencil/pencil/app/src/presetdialog.h...
Preprocessing /home/runner/work/pencil/pencil/app/src/repositionframesdialog.cpp...
Parsing file /home/runner/work/pencil/pencil/app/src/repositionframesdialog.cpp...
Preprocessing /home/runner/work/pencil/pencil/app/src/repositionframesdialog.h...
Parsing file /home/runner/work/pencil/pencil/app/src/repositionframesdialog.h...
Preprocessing /home/runner/work/pencil/pencil/app/src/shortcutfilter.cpp...
Parsing file /home/runner/work/pencil/pencil/app/src/shortcutfilter.cpp...
Preprocessing /home/runner/work/pencil/pencil/app/src/shortcutfilter.h...
Parsing file /home/runner/work/pencil/pencil/app/src/shortcutfilter.h...
Preprocessing /home/runner/work/pencil/pencil/app/src/shortcutspage.cpp...
Parsing file /home/runner/work/pencil/pencil/app/src/shortcutspage.cpp...
Preprocessing /home/runner/work/pencil/pencil/app/src/shortcutspage.h...
Parsing file /home/runner/work/pencil/pencil/app/src/shortcutspage.h...
Preprocessing /home/runner/work/pencil/pencil/app/src/spinslider.cpp...
Parsing file /home/runner/work/pencil/pencil/app/src/spinslider.cpp...
Preprocessing /home/runner/work/pencil/pencil/app/src/spinslider.h...
Parsing file /home/runner/work/pencil/pencil/app/src/spinslider.h...
Preprocessing /home/runner/work/pencil/pencil/app/src/statusbar.cpp...
Parsing file /home/runner/work/pencil/pencil/app/src/statusbar.cpp...
Preprocessing /home/runner/work/pencil/pencil/app/src/statusbar.h...
Parsing file /home/runner/work/pencil/pencil/app/src/statusbar.h...
Preprocessing /home/runner/work/pencil/pencil/app/src/timecontrols.cpp...
Parsing file /home/runner/work/pencil/pencil/app/src/timecontrols.cpp...
Preprocessing /home/runner/work/pencil/pencil/app/src/timecontrols.h...
Parsing file /home/runner/work/pencil/pencil/app/src/timecontrols.h...
Preprocessing /home/runner/work/pencil/pencil/app/src/timeline.cpp...
Parsing file /home/runner/work/pencil/pencil/app/src/timeline.cpp...
Preprocessing /home/runner/work/pencil/pencil/app/src/timeline.h...
Parsing file /home/runner/work/pencil/pencil/app/src/timeline.h...
Preprocessing /home/runner/work/pencil/pencil/app/src/timelinecells.cpp...
Parsing file /home/runner/work/pencil/pencil/app/src/timelinecells.cpp...
Preprocessing /home/runner/work/pencil/pencil/app/src/timelinecells.h...
Parsing file /home/runner/work/pencil/pencil/app/src/timelinecells.h...
Preprocessing /home/runner/work/pencil/pencil/app/src/timelinepage.cpp...
Parsing file /home/runner/work/pencil/pencil/app/src/timelinepage.cpp...
Preprocessing /home/runner/work/pencil/pencil/app/src/timelinepage.h...
Parsing file /home/runner/work/pencil/pencil/app/src/timelinepage.h...
Preprocessing /home/runner/work/pencil/pencil/app/src/titlebarwidget.cpp...
Parsing file /home/runner/work/pencil/pencil/app/src/titlebarwidget.cpp...
Preprocessing /home/runner/work/pencil/pencil/app/src/titlebarwidget.h...
Parsing file /home/runner/work/pencil/pencil/app/src/titlebarwidget.h...
Preprocessing /home/runner/work/pencil/pencil/app/src/toolbox.cpp...
Parsing file /home/runner/work/pencil/pencil/app/src/toolbox.cpp...
Preprocessing /home/runner/work/pencil/pencil/app/src/toolbox.h...
Parsing file /home/runner/work/pencil/pencil/app/src/toolbox.h...
Preprocessing /home/runner/work/pencil/pencil/app/src/toolboxwidget.cpp...
Parsing file /home/runner/work/pencil/pencil/app/src/toolboxwidget.cpp...
Preprocessing /home/runner/work/pencil/pencil/app/src/toolboxwidget.h...
Parsing file /home/runner/work/pencil/pencil/app/src/toolboxwidget.h...
Preprocessing /home/runner/work/pencil/pencil/app/src/tooloptionwidget.cpp...
Parsing file /home/runner/work/pencil/pencil/app/src/tooloptionwidget.cpp...
Preprocessing /home/runner/work/pencil/pencil/app/src/tooloptionwidget.h...
Parsing file /home/runner/work/pencil/pencil/app/src/tooloptionwidget.h...
Preprocessing /home/runner/work/pencil/pencil/app/src/toolspage.cpp...
Parsing file /home/runner/work/pencil/pencil/app/src/toolspage.cpp...
Preprocessing /home/runner/work/pencil/pencil/app/src/toolspage.h...
Parsing file /home/runner/work/pencil/pencil/app/src/toolspage.h...
Preprocessing /home/runner/work/pencil/pencil/core_lib/src/activeframepool.cpp...
Parsing file /home/runner/work/pencil/pencil/core_lib/src/activeframepool.cpp...
Preprocessing /home/runner/work/pencil/pencil/core_lib/src/activeframepool.h...
Parsing file /home/runner/work/pencil/pencil/core_lib/src/activeframepool.h...
Preprocessing /home/runner/work/pencil/pencil/core_lib/src/camerapainter.cpp...
Parsing file /home/runner/work/pencil/pencil/core_lib/src/camerapainter.cpp...
Preprocessing /home/runner/work/pencil/pencil/core_lib/src/camerapainter.h...
Parsing file /home/runner/work/pencil/pencil/core_lib/src/camerapainter.h...
Preprocessing /home/runner/work/pencil/pencil/core_lib/src/canvascursorpainter.cpp...
Parsing file /home/runner/work/pencil/pencil/core_lib/src/canvascursorpainter.cpp...
Preprocessing /home/runner/work/pencil/pencil/core_lib/src/canvascursorpainter.h...
Parsing file /home/runner/work/pencil/pencil/core_lib/src/canvascursorpainter.h...
Preprocessing /home/runner/work/pencil/pencil/core_lib/src/canvaspainter.cpp...
Parsing file /home/runner/work/pencil/pencil/core_lib/src/canvaspainter.cpp...
Preprocessing /home/runner/work/pencil/pencil/core_lib/src/canvaspainter.h...
Parsing file /home/runner/work/pencil/pencil/core_lib/src/canvaspainter.h...
Preprocessing /home/runner/work/pencil/pencil/core_lib/src/corelib-pch.h...
Parsing file /home/runner/work/pencil/pencil/core_lib/src/corelib-pch.h...
Preprocessing /home/runner/work/pencil/pencil/core_lib/src/external/linux/linux.cpp...
Parsing file /home/runner/work/pencil/pencil/core_lib/src/external/linux/linux.cpp...
Preprocessing /home/runner/work/pencil/pencil/core_lib/src/external/macosx/macosx.cpp...
Parsing file /home/runner/work/pencil/pencil/core_lib/src/external/macosx/macosx.cpp...
Preprocessing /home/runner/work/pencil/pencil/core_lib/src/external/macosx/macosxnative.h...
Parsing file /home/runner/work/pencil/pencil/core_lib/src/external/macosx/macosxnative.h...
Preprocessing /home/runner/work/pencil/pencil/core_lib/src/external/macosx/macosxnative.mm...
Parsing file /home/runner/work/pencil/pencil/core_lib/src/external/macosx/macosxnative.mm...
Preprocessing /home/runner/work/pencil/pencil/core_lib/src/external/platformhandler.h...
Parsing file /home/runner/work/pencil/pencil/core_lib/src/external/platformhandler.h...
Preprocessing /home/runner/work/pencil/pencil/core_lib/src/external/win32/win32.cpp...
Parsing file /home/runner/work/pencil/pencil/core_lib/src/external/win32/win32.cpp...
Preprocessing /home/runner/work/pencil/pencil/core_lib/src/graphics/bitmap/bitmapbucket.cpp...
Parsing file /home/runner/work/pencil/pencil/core_lib/src/graphics/bitmap/bitmapbucket.cpp...
Preprocessing /home/runner/work/pencil/pencil/core_lib/src/graphics/bitmap/bitmapbucket.h...
Parsing file /home/runner/work/pencil/pencil/core_lib/src/graphics/bitmap/bitmapbucket.h...
Preprocessing /home/runner/work/pencil/pencil/core_lib/src/graphics/bitmap/bitmapimage.cpp...
Parsing file /home/runner/work/pencil/pencil/core_lib/src/graphics/bitmap/bitmapimage.cpp...
Preprocessing /home/runner/work/pencil/pencil/core_lib/src/graphics/bitmap/bitmapimage.h...
Parsing file /home/runner/work/pencil/pencil/core_lib/src/graphics/bitmap/bitmapimage.h...
Preprocessing /home/runner/work/pencil/pencil/core_lib/src/graphics/bitmap/tile.cpp...
Parsing file /home/runner/work/pencil/pencil/core_lib/src/graphics/bitmap/tile.cpp...
Preprocessing /home/runner/work/pencil/pencil/core_lib/src/graphics/bitmap/tile.h...
Parsing file /home/runner/work/pencil/pencil/core_lib/src/graphics/bitmap/tile.h...
Preprocessing /home/runner/work/pencil/pencil/core_lib/src/graphics/bitmap/tiledbuffer.cpp...
Parsing file /home/runner/work/pencil/pencil/core_lib/src/graphics/bitmap/tiledbuffer.cpp...
Preprocessing /home/runner/work/pencil/pencil/core_lib/src/graphics/bitmap/tiledbuffer.h...
Parsing file /home/runner/work/pencil/pencil/core_lib/src/graphics/bitmap/tiledbuffer.h...
Preprocessing /home/runner/work/pencil/pencil/core_lib/src/graphics/vector/bezierarea.cpp...
Parsing file /home/runner/work/pencil/pencil/core_lib/src/graphics/vector/bezierarea.cpp...
Preprocessing /home/runner/work/pencil/pencil/core_lib/src/graphics/vector/bezierarea.h...
Parsing file /home/runner/work/pencil/pencil/core_lib/src/graphics/vector/bezierarea.h...
Preprocessing /home/runner/work/pencil/pencil/core_lib/src/graphics/vector/beziercurve.cpp...
Parsing file /home/runner/work/pencil/pencil/core_lib/src/graphics/vector/beziercurve.cpp...
Preprocessing /home/runner/work/pencil/pencil/core_lib/src/graphics/vector/beziercurve.h...
Parsing file /home/runner/work/pencil/pencil/core_lib/src/graphics/vector/beziercurve.h...
Preprocessing /home/runner/work/pencil/pencil/core_lib/src/graphics/vector/colorref.cpp...
Parsing file /home/runner/work/pencil/pencil/core_lib/src/graphics/vector/colorref.cpp...
Preprocessing /home/runner/work/pencil/pencil/core_lib/src/graphics/vector/colorref.h...
Parsing file /home/runner/work/pencil/pencil/core_lib/src/graphics/vector/colorref.h...
Preprocessing /home/runner/work/pencil/pencil/core_lib/src/graphics/vector/vectorimage.cpp...
Parsing file /home/runner/work/pencil/pencil/core_lib/src/graphics/vector/vectorimage.cpp...
Preprocessing /home/runner/work/pencil/pencil/core_lib/src/graphics/vector/vectorimage.h...
Parsing file /home/runner/work/pencil/pencil/core_lib/src/graphics/vector/vectorimage.h...
Preprocessing /home/runner/work/pencil/pencil/core_lib/src/graphics/vector/vectorselection.cpp...
Parsing file /home/runner/work/pencil/pencil/core_lib/src/graphics/vector/vectorselection.cpp...
Preprocessing /home/runner/work/pencil/pencil/core_lib/src/graphics/vector/vectorselection.h...
Parsing file /home/runner/work/pencil/pencil/core_lib/src/graphics/vector/vectorselection.h...
Preprocessing /home/runner/work/pencil/pencil/core_lib/src/graphics/vector/vertexref.cpp...
Parsing file /home/runner/work/pencil/pencil/core_lib/src/graphics/vector/vertexref.cpp...
Preprocessing /home/runner/work/pencil/pencil/core_lib/src/graphics/vector/vertexref.h...
Parsing file /home/runner/work/pencil/pencil/core_lib/src/graphics/vector/vertexref.h...
Preprocessing /home/runner/work/pencil/pencil/core_lib/src/interface/backgroundwidget.cpp...
Parsing file /home/runner/work/pencil/pencil/core_lib/src/interface/backgroundwidget.cpp...
Preprocessing /home/runner/work/pencil/pencil/core_lib/src/interface/backgroundwidget.h...
Parsing file /home/runner/work/pencil/pencil/core_lib/src/interface/backgroundwidget.h...
Preprocessing /home/runner/work/pencil/pencil/core_lib/src/interface/editor.cpp...
Parsing file /home/runner/work/pencil/pencil/core_lib/src/interface/editor.cpp...
Preprocessing /home/runner/work/pencil/pencil/core_lib/src/interface/editor.h...
Parsing file /home/runner/work/pencil/pencil/core_lib/src/interface/editor.h...
Preprocessing /home/runner/work/pencil/pencil/core_lib/src/interface/flowlayout.cpp...
Parsing file /home/runner/work/pencil/pencil/core_lib/src/interface/flowlayout.cpp...
Preprocessing /home/runner/work/pencil/pencil/core_lib/src/interface/flowlayout.h...
Parsing file /home/runner/work/pencil/pencil/core_lib/src/interface/flowlayout.h...
Preprocessing /home/runner/work/pencil/pencil/core_lib/src/interface/legacybackupelement.cpp...
Parsing file /home/runner/work/pencil/pencil/core_lib/src/interface/legacybackupelement.cpp...
Preprocessing /home/runner/work/pencil/pencil/core_lib/src/interface/legacybackupelement.h...
Parsing file /home/runner/work/pencil/pencil/core_lib/src/interface/legacybackupelement.h...
Preprocessing /home/runner/work/pencil/pencil/core_lib/src/interface/recentfilemenu.cpp...
Parsing file /home/runner/work/pencil/pencil/core_lib/src/interface/recentfilemenu.cpp...
Preprocessing /home/runner/work/pencil/pencil/core_lib/src/interface/recentfilemenu.h...
Parsing file /home/runner/work/pencil/pencil/core_lib/src/interface/recentfilemenu.h...
Preprocessing /home/runner/work/pencil/pencil/core_lib/src/interface/scribblearea.cpp...
Parsing file /home/runner/work/pencil/pencil/core_lib/src/interface/scribblearea.cpp...
Preprocessing /home/runner/work/pencil/pencil/core_lib/src/interface/scribblearea.h...
Parsing file /home/runner/work/pencil/pencil/core_lib/src/interface/scribblearea.h...
Preprocessing /home/runner/work/pencil/pencil/core_lib/src/interface/toolboxlayout.cpp...
Parsing file /home/runner/work/pencil/pencil/core_lib/src/interface/toolboxlayout.cpp...
Preprocessing /home/runner/work/pencil/pencil/core_lib/src/interface/toolboxlayout.h...
Parsing file /home/runner/work/pencil/pencil/core_lib/src/interface/toolboxlayout.h...
Preprocessing /home/runner/work/pencil/pencil/core_lib/src/interface/undoredocommand.cpp...
Parsing file /home/runner/work/pencil/pencil/core_lib/src/interface/undoredocommand.cpp...
Preprocessing /home/runner/work/pencil/pencil/core_lib/src/interface/undoredocommand.h...
Parsing file /home/runner/work/pencil/pencil/core_lib/src/interface/undoredocommand.h...
Preprocessing /home/runner/work/pencil/pencil/core_lib/src/managers/basemanager.cpp...
Parsing file /home/runner/work/pencil/pencil/core_lib/src/managers/basemanager.cpp...
Preprocessing /home/runner/work/pencil/pencil/core_lib/src/managers/basemanager.h...
Parsing file /home/runner/work/pencil/pencil/core_lib/src/managers/basemanager.h...
Preprocessing /home/runner/work/pencil/pencil/core_lib/src/managers/clipboardmanager.cpp...
Parsing file /home/runner/work/pencil/pencil/core_lib/src/managers/clipboardmanager.cpp...
Preprocessing /home/runner/work/pencil/pencil/core_lib/src/managers/clipboardmanager.h...
Parsing file /home/runner/work/pencil/pencil/core_lib/src/managers/clipboardmanager.h...
Preprocessing /home/runner/work/pencil/pencil/core_lib/src/managers/colormanager.cpp...
Parsing file /home/runner/work/pencil/pencil/core_lib/src/managers/colormanager.cpp...
Preprocessing /home/runner/work/pencil/pencil/core_lib/src/managers/colormanager.h...
Parsing file /home/runner/work/pencil/pencil/core_lib/src/managers/colormanager.h...
Preprocessing /home/runner/work/pencil/pencil/core_lib/src/managers/layermanager.cpp...
Parsing file /home/runner/work/pencil/pencil/core_lib/src/managers/layermanager.cpp...
Preprocessing /home/runner/work/pencil/pencil/core_lib/src/managers/layermanager.h...
Parsing file /home/runner/work/pencil/pencil/core_lib/src/managers/layermanager.h...
Preprocessing /home/runner/work/pencil/pencil/core_lib/src/managers/overlaymanager.cpp...
Parsing file /home/runner/work/pencil/pencil/core_lib/src/managers/overlaymanager.cpp...
Preprocessing /home/runner/work/pencil/pencil/core_lib/src/managers/overlaymanager.h...
Parsing file /home/runner/work/pencil/pencil/core_lib/src/managers/overlaymanager.h...
Preprocessing /home/runner/work/pencil/pencil/core_lib/src/managers/playbackmanager.cpp...
Parsing file /home/runner/work/pencil/pencil/core_lib/src/managers/playbackmanager.cpp...
Preprocessing /home/runner/work/pencil/pencil/core_lib/src/managers/playbackmanager.h...
Parsing file /home/runner/work/pencil/pencil/core_lib/src/managers/playbackmanager.h...
Preprocessing /home/runner/work/pencil/pencil/core_lib/src/managers/preferencemanager.cpp...
Parsing file /home/runner/work/pencil/pencil/core_lib/src/managers/preferencemanager.cpp...
Preprocessing /home/runner/work/pencil/pencil/core_lib/src/managers/preferencemanager.h...
Parsing file /home/runner/work/pencil/pencil/core_lib/src/managers/preferencemanager.h...
Preprocessing /home/runner/work/pencil/pencil/core_lib/src/managers/selectionmanager.cpp...
Parsing file /home/runner/work/pencil/pencil/core_lib/src/managers/selectionmanager.cpp...
Preprocessing /home/runner/work/pencil/pencil/core_lib/src/managers/selectionmanager.h...
Parsing file /home/runner/work/pencil/pencil/core_lib/src/managers/selectionmanager.h...
Preprocessing /home/runner/work/pencil/pencil/core_lib/src/managers/soundmanager.cpp...
Parsing file /home/runner/work/pencil/pencil/core_lib/src/managers/soundmanager.cpp...
Preprocessing /home/runner/work/pencil/pencil/core_lib/src/managers/soundmanager.h...
Parsing file /home/runner/work/pencil/pencil/core_lib/src/managers/soundmanager.h...
Preprocessing /home/runner/work/pencil/pencil/core_lib/src/managers/toolmanager.cpp...
Parsing file /home/runner/work/pencil/pencil/core_lib/src/managers/toolmanager.cpp...
Preprocessing /home/runner/work/pencil/pencil/core_lib/src/managers/toolmanager.h...
Parsing file /home/runner/work/pencil/pencil/core_lib/src/managers/toolmanager.h...
Preprocessing /home/runner/work/pencil/pencil/core_lib/src/managers/undoredomanager.cpp...
Parsing file /home/runner/work/pencil/pencil/core_lib/src/managers/undoredomanager.cpp...
Preprocessing /home/runner/work/pencil/pencil/core_lib/src/managers/undoredomanager.h...
Parsing file /home/runner/work/pencil/pencil/core_lib/src/managers/undoredomanager.h...
Preprocessing /home/runner/work/pencil/pencil/core_lib/src/managers/viewmanager.cpp...
Parsing file /home/runner/work/pencil/pencil/core_lib/src/managers/viewmanager.cpp...
Preprocessing /home/runner/work/pencil/pencil/core_lib/src/managers/viewmanager.h...
Parsing file /home/runner/work/pencil/pencil/core_lib/src/managers/viewmanager.h...
Preprocessing /home/runner/work/pencil/pencil/core_lib/src/miniz.cpp...
Parsing file /home/runner/work/pencil/pencil/core_lib/src/miniz.cpp...
Preprocessing /home/runner/work/pencil/pencil/core_lib/src/miniz.h...
Parsing file /home/runner/work/pencil/pencil/core_lib/src/miniz.h...
Preprocessing /home/runner/work/pencil/pencil/core_lib/src/movieexporter.cpp...
Parsing file /home/runner/work/pencil/pencil/core_lib/src/movieexporter.cpp...
Preprocessing /home/runner/work/pencil/pencil/core_lib/src/movieexporter.h...
Parsing file /home/runner/work/pencil/pencil/core_lib/src/movieexporter.h...
Preprocessing /home/runner/work/pencil/pencil/core_lib/src/movieimporter.cpp...
Parsing file /home/runner/work/pencil/pencil/core_lib/src/movieimporter.cpp...
Preprocessing /home/runner/work/pencil/pencil/core_lib/src/movieimporter.h...
Parsing file /home/runner/work/pencil/pencil/core_lib/src/movieimporter.h...
Preprocessing /home/runner/work/pencil/pencil/core_lib/src/onionskinsubpainter.cpp...
Parsing file /home/runner/work/pencil/pencil/core_lib/src/onionskinsubpainter.cpp...
Preprocessing /home/runner/work/pencil/pencil/core_lib/src/onionskinsubpainter.h...
Parsing file /home/runner/work/pencil/pencil/core_lib/src/onionskinsubpainter.h...
Preprocessing /home/runner/work/pencil/pencil/core_lib/src/overlaypainter.cpp...
Parsing file /home/runner/work/pencil/pencil/core_lib/src/overlaypainter.cpp...
Preprocessing /home/runner/work/pencil/pencil/core_lib/src/overlaypainter.h...
Parsing file /home/runner/work/pencil/pencil/core_lib/src/overlaypainter.h...
Preprocessing /home/runner/work/pencil/pencil/core_lib/src/qminiz.cpp...
Parsing file /home/runner/work/pencil/pencil/core_lib/src/qminiz.cpp...
Preprocessing /home/runner/work/pencil/pencil/core_lib/src/qminiz.h...
Parsing file /home/runner/work/pencil/pencil/core_lib/src/qminiz.h...
Preprocessing /home/runner/work/pencil/pencil/core_lib/src/selectionpainter.cpp...
Parsing file /home/runner/work/pencil/pencil/core_lib/src/selectionpainter.cpp...
Preprocessing /home/runner/work/pencil/pencil/core_lib/src/selectionpainter.h...
Parsing file /home/runner/work/pencil/pencil/core_lib/src/selectionpainter.h...
Preprocessing /home/runner/work/pencil/pencil/core_lib/src/soundplayer.cpp...
Parsing file /home/runner/work/pencil/pencil/core_lib/src/soundplayer.cpp...
Preprocessing /home/runner/work/pencil/pencil/core_lib/src/soundplayer.h...
Parsing file /home/runner/work/pencil/pencil/core_lib/src/soundplayer.h...
Preprocessing /home/runner/work/pencil/pencil/core_lib/src/structure/camera.cpp...
Parsing file /home/runner/work/pencil/pencil/core_lib/src/structure/camera.cpp...
Preprocessing /home/runner/work/pencil/pencil/core_lib/src/structure/camera.h...
Parsing file /home/runner/work/pencil/pencil/core_lib/src/structure/camera.h...
Preprocessing /home/runner/work/pencil/pencil/core_lib/src/structure/filemanager.cpp...
Parsing file /home/runner/work/pencil/pencil/core_lib/src/structure/filemanager.cpp...
Preprocessing /home/runner/work/pencil/pencil/core_lib/src/structure/filemanager.h...
Parsing file /home/runner/work/pencil/pencil/core_lib/src/structure/filemanager.h...
Preprocessing /home/runner/work/pencil/pencil/core_lib/src/structure/keyframe.cpp...
Parsing file /home/runner/work/pencil/pencil/core_lib/src/structure/keyframe.cpp...
Preprocessing /home/runner/work/pencil/pencil/core_lib/src/structure/keyframe.h...
Parsing file /home/runner/work/pencil/pencil/core_lib/src/structure/keyframe.h...
Preprocessing /home/runner/work/pencil/pencil/core_lib/src/structure/layer.cpp...
Parsing file /home/runner/work/pencil/pencil/core_lib/src/structure/layer.cpp...
Preprocessing /home/runner/work/pencil/pencil/core_lib/src/structure/layer.h...
Parsing file /home/runner/work/pencil/pencil/core_lib/src/structure/layer.h...
Preprocessing /home/runner/work/pencil/pencil/core_lib/src/structure/layerbitmap.cpp...
Parsing file /home/runner/work/pencil/pencil/core_lib/src/structure/layerbitmap.cpp...
Preprocessing /home/runner/work/pencil/pencil/core_lib/src/structure/layerbitmap.h...
Parsing file /home/runner/work/pencil/pencil/core_lib/src/structure/layerbitmap.h...
Preprocessing /home/runner/work/pencil/pencil/core_lib/src/structure/layercamera.cpp...
Parsing file /home/runner/work/pencil/pencil/core_lib/src/structure/layercamera.cpp...
Preprocessing /home/runner/work/pencil/pencil/core_lib/src/structure/layercamera.h...
Parsing file /home/runner/work/pencil/pencil/core_lib/src/structure/layercamera.h...
Preprocessing /home/runner/work/pencil/pencil/core_lib/src/structure/layersound.cpp...
Parsing file /home/runner/work/pencil/pencil/core_lib/src/structure/layersound.cpp...
Preprocessing /home/runner/work/pencil/pencil/core_lib/src/structure/layersound.h...
Parsing file /home/runner/work/pencil/pencil/core_lib/src/structure/layersound.h...
Preprocessing /home/runner/work/pencil/pencil/core_lib/src/structure/layervector.cpp...
Parsing file /home/runner/work/pencil/pencil/core_lib/src/structure/layervector.cpp...
Preprocessing /home/runner/work/pencil/pencil/core_lib/src/structure/layervector.h...
Parsing file /home/runner/work/pencil/pencil/core_lib/src/structure/layervector.h...
Preprocessing /home/runner/work/pencil/pencil/core_lib/src/structure/object.cpp...
Parsing file /home/runner/work/pencil/pencil/core_lib/src/structure/object.cpp...
Preprocessing /home/runner/work/pencil/pencil/core_lib/src/structure/object.h...
Parsing file /home/runner/work/pencil/pencil/core_lib/src/structure/object.h...
Preprocessing /home/runner/work/pencil/pencil/core_lib/src/structure/objectdata.cpp...
Parsing file /home/runner/work/pencil/pencil/core_lib/src/structure/objectdata.cpp...
Preprocessing /home/runner/work/pencil/pencil/core_lib/src/structure/objectdata.h...
Parsing file /home/runner/work/pencil/pencil/core_lib/src/structure/objectdata.h...
Preprocessing /home/runner/work/pencil/pencil/core_lib/src/structure/pegbaraligner.cpp...
Parsing file /home/runner/work/pencil/pencil/core_lib/src/structure/pegbaraligner.cpp...
Preprocessing /home/runner/work/pencil/pencil/core_lib/src/structure/pegbaraligner.h...
Parsing file /home/runner/work/pencil/pencil/core_lib/src/structure/pegbaraligner.h...
Preprocessing /home/runner/work/pencil/pencil/core_lib/src/structure/soundclip.cpp...
Parsing file /home/runner/work/pencil/pencil/core_lib/src/structure/soundclip.cpp...
Preprocessing /home/runner/work/pencil/pencil/core_lib/src/structure/soundclip.h...
Parsing file /home/runner/work/pencil/pencil/core_lib/src/structure/soundclip.h...
Preprocessing /home/runner/work/pencil/pencil/core_lib/src/tool/basetool.cpp...
Parsing file /home/runner/work/pencil/pencil/core_lib/src/tool/basetool.cpp...
Preprocessing /home/runner/work/pencil/pencil/core_lib/src/tool/basetool.h...
Parsing file /home/runner/work/pencil/pencil/core_lib/src/tool/basetool.h...
Preprocessing /home/runner/work/pencil/pencil/core_lib/src/tool/brushtool.cpp...
Parsing file /home/runner/work/pencil/pencil/core_lib/src/tool/brushtool.cpp...
Preprocessing /home/runner/work/pencil/pencil/core_lib/src/tool/brushtool.h...
Parsing file /home/runner/work/pencil/pencil/core_lib/src/tool/brushtool.h...
Preprocessing /home/runner/work/pencil/pencil/core_lib/src/tool/buckettool.cpp...
Parsing file /home/runner/work/pencil/pencil/core_lib/src/tool/buckettool.cpp...
Preprocessing /home/runner/work/pencil/pencil/core_lib/src/tool/buckettool.h...
Parsing file /home/runner/work/pencil/pencil/core_lib/src/tool/buckettool.h...
Preprocessing /home/runner/work/pencil/pencil/core_lib/src/tool/cameratool.cpp...
Parsing file /home/runner/work/pencil/pencil/core_lib/src/tool/cameratool.cpp...
Preprocessing /home/runner/work/pencil/pencil/core_lib/src/tool/cameratool.h...
Parsing file /home/runner/work/pencil/pencil/core_lib/src/tool/cameratool.h...
Preprocessing /home/runner/work/pencil/pencil/core_lib/src/tool/erasertool.cpp...
Parsing file /home/runner/work/pencil/pencil/core_lib/src/tool/erasertool.cpp...
Preprocessing /home/runner/work/pencil/pencil/core_lib/src/tool/erasertool.h...
Parsing file /home/runner/work/pencil/pencil/core_lib/src/tool/erasertool.h...
Preprocessing /home/runner/work/pencil/pencil/core_lib/src/tool/eyedroppertool.cpp...
Parsing file /home/runner/work/pencil/pencil/core_lib/src/tool/eyedroppertool.cpp...
Preprocessing /home/runner/work/pencil/pencil/core_lib/src/tool/eyedroppertool.h...
Parsing file /home/runner/work/pencil/pencil/core_lib/src/tool/eyedroppertool.h...
Preprocessing /home/runner/work/pencil/pencil/core_lib/src/tool/handtool.cpp...
Parsing file /home/runner/work/pencil/pencil/core_lib/src/tool/handtool.cpp...
Preprocessing /home/runner/work/pencil/pencil/core_lib/src/tool/handtool.h...
Parsing file /home/runner/work/pencil/pencil/core_lib/src/tool/handtool.h...
Preprocessing /home/runner/work/pencil/pencil/core_lib/src/tool/movetool.cpp...
Parsing file /home/runner/work/pencil/pencil/core_lib/src/tool/movetool.cpp...
Preprocessing /home/runner/work/pencil/pencil/core_lib/src/tool/movetool.h...
Parsing file /home/runner/work/pencil/pencil/core_lib/src/tool/movetool.h...
Preprocessing /home/runner/work/pencil/pencil/core_lib/src/tool/penciltool.cpp...
Parsing file /home/runner/work/pencil/pencil/core_lib/src/tool/penciltool.cpp...
Preprocessing /home/runner/work/pencil/pencil/core_lib/src/tool/penciltool.h...
Parsing file /home/runner/work/pencil/pencil/core_lib/src/tool/penciltool.h...
Preprocessing /home/runner/work/pencil/pencil/core_lib/src/tool/pentool.cpp...
Parsing file /home/runner/work/pencil/pencil/core_lib/src/tool/pentool.cpp...
Preprocessing /home/runner/work/pencil/pencil/core_lib/src/tool/pentool.h...
Parsing file /home/runner/work/pencil/pencil/core_lib/src/tool/pentool.h...
Preprocessing /home/runner/work/pencil/pencil/core_lib/src/tool/polylinetool.cpp...
Parsing file /home/runner/work/pencil/pencil/core_lib/src/tool/polylinetool.cpp...
Preprocessing /home/runner/work/pencil/pencil/core_lib/src/tool/polylinetool.h...
Parsing file /home/runner/work/pencil/pencil/core_lib/src/tool/polylinetool.h...
Preprocessing /home/runner/work/pencil/pencil/core_lib/src/tool/selecttool.cpp...
Parsing file /home/runner/work/pencil/pencil/core_lib/src/tool/selecttool.cpp...
Preprocessing /home/runner/work/pencil/pencil/core_lib/src/tool/selecttool.h...
Parsing file /home/runner/work/pencil/pencil/core_lib/src/tool/selecttool.h...
Preprocessing /home/runner/work/pencil/pencil/core_lib/src/tool/smudgetool.cpp...
Parsing file /home/runner/work/pencil/pencil/core_lib/src/tool/smudgetool.cpp...
Preprocessing /home/runner/work/pencil/pencil/core_lib/src/tool/smudgetool.h...
Parsing file /home/runner/work/pencil/pencil/core_lib/src/tool/smudgetool.h...
Preprocessing /home/runner/work/pencil/pencil/core_lib/src/tool/strokeinterpolator.cpp...
Parsing file /home/runner/work/pencil/pencil/core_lib/src/tool/strokeinterpolator.cpp...
Preprocessing /home/runner/work/pencil/pencil/core_lib/src/tool/strokeinterpolator.h...
Parsing file /home/runner/work/pencil/pencil/core_lib/src/tool/strokeinterpolator.h...
Preprocessing /home/runner/work/pencil/pencil/core_lib/src/tool/stroketool.cpp...
Parsing file /home/runner/work/pencil/pencil/core_lib/src/tool/stroketool.cpp...
Preprocessing /home/runner/work/pencil/pencil/core_lib/src/tool/stroketool.h...
Parsing file /home/runner/work/pencil/pencil/core_lib/src/tool/stroketool.h...
Preprocessing /home/runner/work/pencil/pencil/core_lib/src/util/blitrect.cpp...
Parsing file /home/runner/work/pencil/pencil/core_lib/src/util/blitrect.cpp...
Preprocessing /home/runner/work/pencil/pencil/core_lib/src/util/blitrect.h...
Parsing file /home/runner/work/pencil/pencil/core_lib/src/util/blitrect.h...
Preprocessing /home/runner/work/pencil/pencil/core_lib/src/util/cameraeasingtype.cpp...
Parsing file /home/runner/work/pencil/pencil/core_lib/src/util/cameraeasingtype.cpp...
Preprocessing /home/runner/work/pencil/pencil/core_lib/src/util/cameraeasingtype.h...
Parsing file /home/runner/work/pencil/pencil/core_lib/src/util/cameraeasingtype.h...
Preprocessing /home/runner/work/pencil/pencil/core_lib/src/util/camerafieldoption.h...
Parsing file /home/runner/work/pencil/pencil/core_lib/src/util/camerafieldoption.h...
Preprocessing /home/runner/work/pencil/pencil/core_lib/src/util/colordictionary.h...
Parsing file /home/runner/work/pencil/pencil/core_lib/src/util/colordictionary.h...
Preprocessing /home/runner/work/pencil/pencil/core_lib/src/util/fileformat.cpp...
Parsing file /home/runner/work/pencil/pencil/core_lib/src/util/fileformat.cpp...
Preprocessing /home/runner/work/pencil/pencil/core_lib/src/util/fileformat.h...
Parsing file /home/runner/work/pencil/pencil/core_lib/src/util/fileformat.h...
Preprocessing /home/runner/work/pencil/pencil/core_lib/src/util/filetype.h...
Parsing file /home/runner/work/pencil/pencil/core_lib/src/util/filetype.h...
Preprocessing /home/runner/work/pencil/pencil/core_lib/src/util/importimageconfig.h...
Parsing file /home/runner/work/pencil/pencil/core_lib/src/util/importimageconfig.h...
Preprocessing /home/runner/work/pencil/pencil/core_lib/src/util/log.cpp...
Parsing file /home/runner/work/pencil/pencil/core_lib/src/util/log.cpp...
Preprocessing /home/runner/work/pencil/pencil/core_lib/src/util/log.h...
Parsing file /home/runner/work/pencil/pencil/core_lib/src/util/log.h...
Preprocessing /home/runner/work/pencil/pencil/core_lib/src/util/mathutils.h...
Parsing file /home/runner/work/pencil/pencil/core_lib/src/util/mathutils.h...
Preprocessing /home/runner/work/pencil/pencil/core_lib/src/util/movemode.h...
Parsing file /home/runner/work/pencil/pencil/core_lib/src/util/movemode.h...
Preprocessing /home/runner/work/pencil/pencil/core_lib/src/util/onionskinpainteroptions.h...
Parsing file /home/runner/work/pencil/pencil/core_lib/src/util/onionskinpainteroptions.h...
Preprocessing /home/runner/work/pencil/pencil/core_lib/src/util/onionskinpaintstate.h...
Parsing file /home/runner/work/pencil/pencil/core_lib/src/util/onionskinpaintstate.h...
Preprocessing /home/runner/work/pencil/pencil/core_lib/src/util/painterutils.h...
Parsing file /home/runner/work/pencil/pencil/core_lib/src/util/painterutils.h...
Preprocessing /home/runner/work/pencil/pencil/core_lib/src/util/pencildef.h...
Parsing file /home/runner/work/pencil/pencil/core_lib/src/util/pencildef.h...
Preprocessing /home/runner/work/pencil/pencil/core_lib/src/util/pencilerror.cpp...
Parsing file /home/runner/work/pencil/pencil/core_lib/src/util/pencilerror.cpp...
Preprocessing /home/runner/work/pencil/pencil/core_lib/src/util/pencilerror.h...
Parsing file /home/runner/work/pencil/pencil/core_lib/src/util/pencilerror.h...
Preprocessing /home/runner/work/pencil/pencil/core_lib/src/util/pencilsettings.cpp...
Parsing file /home/runner/work/pencil/pencil/core_lib/src/util/pencilsettings.cpp...
Preprocessing /home/runner/work/pencil/pencil/core_lib/src/util/pencilsettings.h...
Parsing file /home/runner/work/pencil/pencil/core_lib/src/util/pencilsettings.h...
Preprocessing /home/runner/work/pencil/pencil/core_lib/src/util/pointerevent.cpp...
Parsing file /home/runner/work/pencil/pencil/core_lib/src/util/pointerevent.cpp...
Preprocessing /home/runner/work/pencil/pencil/core_lib/src/util/pointerevent.h...
Parsing file /home/runner/work/pencil/pencil/core_lib/src/util/pointerevent.h...
Preprocessing /home/runner/work/pencil/pencil/core_lib/src/util/preferencesdef.h...
Parsing file /home/runner/work/pencil/pencil/core_lib/src/util/preferencesdef.h...
Preprocessing /home/runner/work/pencil/pencil/core_lib/src/util/transform.cpp...
Parsing file /home/runner/work/pencil/pencil/core_lib/src/util/transform.cpp...
Preprocessing /home/runner/work/pencil/pencil/core_lib/src/util/transform.h...
Parsing file /home/runner/work/pencil/pencil/core_lib/src/util/transform.h...
Preprocessing /home/runner/work/pencil/pencil/core_lib/src/util/util.cpp...
Parsing file /home/runner/work/pencil/pencil/core_lib/src/util/util.cpp...
Preprocessing /home/runner/work/pencil/pencil/core_lib/src/util/util.h...
Parsing file /home/runner/work/pencil/pencil/core_lib/src/util/util.h...
Reading /home/runner/work/pencil/pencil/docs/build-options.md...
Reading /home/runner/work/pencil/pencil/docs/build_linux.md...
Reading /home/runner/work/pencil/pencil/docs/build_mac.md...
Reading /home/runner/work/pencil/pencil/docs/build_win.md...
Reading /home/runner/work/pencil/pencil/docs/dive-into-code.md...
Reading /home/runner/work/pencil/pencil/docs/installer-development.md...
Reading /home/runner/work/pencil/pencil/docs/main.md...
Building macro definition list...
Building group list...
Building directory list...
Building namespace list...
Building file list...
Building class list...
Building concept list...
Computing nesting relations for classes...
Associating documentation with classes...
Associating documentation with concepts...
Building example list...
Searching for enumerations...
Searching for documented typedefs...
Searching for members imported via using declarations...
Searching for included using directives...
Searching for documented variables...
Building interface member list...
Building member list...
Searching for friends...
Searching for documented defines...
Computing class inheritance relations...
Computing class usage relations...
Flushing cached template relations that have become invalid...
Computing class relations...
Add enum values to enums...
Searching for member function documentation...
Creating members for template instances...
Building page list...
Search for main page...
Computing page relations...
Determining the scope of groups...
Sorting lists...
Determining which enums are documented
Computing member relations...
Building full member lists recursively...
Adding members to member groups.
Computing member references...
Inheriting documentation...
Generating disk names...
Adding source references...
Adding xrefitems...
Sorting member lists...
Setting anonymous enum type...
Computing dependencies between directories...
Generating citations page...
Counting members...
Counting data structures...
Resolving user defined references...
Finding anchors and sections in the documentation...
Transferring function references...
Combining using relations...
Adding members to index pages...
Correcting members for VHDL...
Computing tooltip texts...
Generating style sheet...
Generating search indices...
Generating example documentation...
Generating file sources...
Generating code for file app/src/aboutdialog.cpp...
Generating code for file app/src/aboutdialog.h...
Generating code for file app/src/actioncommands.cpp...
Generating code for file app/src/actioncommands.h...
Generating code for file app/src/addtransparencytopaperdialog.cpp...
Generating code for file app/src/addtransparencytopaperdialog.h...
Generating code for file app/src/app-pch.h...
Generating code for file app/src/app_util.cpp...
Generating code for file app/src/app_util.h...
Generating code for file app/src/appearance.h...
Generating code for file app/src/basedockwidget.cpp...
Generating code for file app/src/basedockwidget.h...
Generating code for file app/src/bucketoptionswidget.cpp...
Generating code for file app/src/bucketoptionswidget.h...
Generating code for file app/src/buttonappearancewatcher.cpp...
Generating code for file app/src/buttonappearancewatcher.h...
Generating code for file app/src/cameracontextmenu.cpp...
Generating code for file app/src/cameracontextmenu.h...
Generating code for file app/src/cameraoptionswidget.cpp...
Generating code for file app/src/cameraoptionswidget.h...
Generating code for file app/src/camerapropertiesdialog.cpp...
Generating code for file app/src/camerapropertiesdialog.h...
Generating code for file app/src/checkupdatesdialog.cpp...
Generating code for file app/src/checkupdatesdialog.h...
Generating code for file app/src/colorbox.cpp...
Generating code for file app/src/colorbox.h...
Generating code for file app/src/colorinspector.cpp...
Generating code for file app/src/colorinspector.h...
Generating code for file app/src/colorpalettewidget.cpp...
Generating code for file app/src/colorpalettewidget.h...
Generating code for file app/src/colorslider.cpp...
Generating code for file app/src/colorslider.h...
Generating code for file app/src/colorwheel.cpp...
Generating code for file app/src/colorwheel.h...
Generating code for file app/src/commandlineexporter.cpp...
Generating code for file app/src/commandlineexporter.h...
Generating code for file app/src/commandlineparser.cpp...
Generating code for file app/src/commandlineparser.h...
Generating code for file app/src/doubleprogressdialog.cpp...
Generating code for file app/src/doubleprogressdialog.h...
Generating code for file app/src/elidedlabel.cpp...
Generating code for file app/src/elidedlabel.h...
Generating code for file app/src/errordialog.cpp...
Generating code for file app/src/errordialog.h...
Generating code for file app/src/exportimagedialog.cpp...
Generating code for file app/src/exportimagedialog.h...
Generating code for file app/src/exportmoviedialog.cpp...
Generating code for file app/src/exportmoviedialog.h...
Generating code for file app/src/filedialog.cpp...
Generating code for file app/src/filedialog.h...
Generating code for file app/src/filespage.cpp...
Generating code for file app/src/filespage.h...
Generating code for file app/src/generalpage.cpp...
Generating code for file app/src/generalpage.h...
Generating code for file app/src/importexportdialog.cpp...
Generating code for file app/src/importexportdialog.h...
Generating code for file app/src/importimageseqdialog.cpp...
Generating code for file app/src/importimageseqdialog.h...
Generating code for file app/src/importlayersdialog.cpp...
Generating code for file app/src/importlayersdialog.h...
Generating code for file app/src/importpositiondialog.cpp...
Generating code for file app/src/importpositiondialog.h...
Generating code for file app/src/layeropacitydialog.cpp...
Generating code for file app/src/layeropacitydialog.h...
Generating code for file app/src/main.cpp...
Generating code for file app/src/mainwindow2.cpp...
Generating code for file app/src/mainwindow2.h...
Generating code for file app/src/onionskinwidget.cpp...
Generating code for file app/src/onionskinwidget.h...
Generating code for file app/src/pegbaralignmentdialog.cpp...
Generating code for file app/src/pegbaralignmentdialog.h...
Generating code for file app/src/pencil2d.cpp...
Generating code for file app/src/pencil2d.h...
Generating code for file app/src/popupcolorpalettewidget.cpp...
Generating code for file app/src/popupcolorpalettewidget.h...
Generating code for file app/src/predefinedsetmodel.cpp...
Generating code for file app/src/predefinedsetmodel.h...
Generating code for file app/src/preferencesdialog.cpp...
Generating code for file app/src/preferencesdialog.h...
Generating code for file app/src/presetdialog.cpp...
Generating code for file app/src/presetdialog.h...
Generating code for file app/src/repositionframesdialog.cpp...
Generating code for file app/src/repositionframesdialog.h...
Generating code for file app/src/shortcutfilter.cpp...
Generating code for file app/src/shortcutfilter.h...
Generating code for file app/src/shortcutspage.cpp...
Generating code for file app/src/shortcutspage.h...
Generating code for file app/src/spinslider.cpp...
Generating code for file app/src/spinslider.h...
Generating code for file app/src/statusbar.cpp...
Generating code for file app/src/statusbar.h...
Generating code for file app/src/timecontrols.cpp...
Generating code for file app/src/timecontrols.h...
Generating code for file app/src/timeline.cpp...
Generating code for file app/src/timeline.h...
Generating code for file app/src/timelinecells.cpp...
Generating code for file app/src/timelinecells.h...
Generating code for file app/src/timelinepage.cpp...
Generating code for file app/src/timelinepage.h...
Generating code for file app/src/titlebarwidget.cpp...
Generating code for file app/src/titlebarwidget.h...
Generating code for file app/src/toolbox.cpp...
Generating code for file app/src/toolbox.h...
Generating code for file app/src/toolboxwidget.cpp...
Generating code for file app/src/toolboxwidget.h...
Generating code for file app/src/tooloptionwidget.cpp...
Generating code for file app/src/tooloptionwidget.h...
Generating code for file app/src/toolspage.cpp...
Generating code for file app/src/toolspage.h...
Generating code for file core_lib/src/activeframepool.cpp...
Generating code for file core_lib/src/activeframepool.h...
Generating code for file core_lib/src/camerapainter.cpp...
Generating code for file core_lib/src/camerapainter.h...
Generating code for file core_lib/src/canvascursorpainter.cpp...
Generating code for file core_lib/src/canvascursorpainter.h...
Generating code for file core_lib/src/canvaspainter.cpp...
Generating code for file core_lib/src/canvaspainter.h...
Generating code for file core_lib/src/corelib-pch.h...
Generating code for file core_lib/src/external/linux/linux.cpp...
Generating code for file core_lib/src/external/macosx/macosx.cpp...
Generating code for file core_lib/src/external/macosx/macosxnative.h...
Generating code for file core_lib/src/external/macosx/macosxnative.mm...
Generating code for file core_lib/src/external/platformhandler.h...
Generating code for file core_lib/src/external/win32/win32.cpp...
Generating code for file core_lib/src/graphics/bitmap/bitmapbucket.cpp...
Generating code for file core_lib/src/graphics/bitmap/bitmapbucket.h...
Generating code for file core_lib/src/graphics/bitmap/bitmapimage.cpp...
Generating code for file core_lib/src/graphics/bitmap/bitmapimage.h...
Generating code for file core_lib/src/graphics/bitmap/tile.cpp...
Generating code for file core_lib/src/graphics/bitmap/tile.h...
Generating code for file core_lib/src/graphics/bitmap/tiledbuffer.cpp...
Generating code for file core_lib/src/graphics/bitmap/tiledbuffer.h...
Generating code for file core_lib/src/graphics/vector/bezierarea.cpp...
Generating code for file core_lib/src/graphics/vector/bezierarea.h...
Generating code for file core_lib/src/graphics/vector/beziercurve.cpp...
Generating code for file core_lib/src/graphics/vector/beziercurve.h...
Generating code for file core_lib/src/graphics/vector/colorref.cpp...
Generating code for file core_lib/src/graphics/vector/colorref.h...
Generating code for file core_lib/src/graphics/vector/vectorimage.cpp...
Generating code for file core_lib/src/graphics/vector/vectorimage.h...
Generating code for file core_lib/src/graphics/vector/vectorselection.cpp...
Generating code for file core_lib/src/graphics/vector/vectorselection.h...
Generating code for file core_lib/src/graphics/vector/vertexref.cpp...
Generating code for file core_lib/src/graphics/vector/vertexref.h...
Generating code for file core_lib/src/interface/backgroundwidget.cpp...
Generating code for file core_lib/src/interface/backgroundwidget.h...
Generating code for file core_lib/src/interface/editor.cpp...
Generating code for file core_lib/src/interface/editor.h...
Generating code for file core_lib/src/interface/flowlayout.cpp...
Generating code for file core_lib/src/interface/flowlayout.h...
Generating code for file core_lib/src/interface/legacybackupelement.cpp...
Generating code for file core_lib/src/interface/legacybackupelement.h...
Generating code for file core_lib/src/interface/recentfilemenu.cpp...
Generating code for file core_lib/src/interface/recentfilemenu.h...
Generating code for file core_lib/src/interface/scribblearea.cpp...
Generating code for file core_lib/src/interface/scribblearea.h...
Generating code for file core_lib/src/interface/toolboxlayout.cpp...
Generating code for file core_lib/src/interface/toolboxlayout.h...
Generating code for file core_lib/src/interface/undoredocommand.cpp...
Generating code for file core_lib/src/interface/undoredocommand.h...
Generating code for file core_lib/src/managers/basemanager.cpp...
Generating code for file core_lib/src/managers/basemanager.h...
Generating code for file core_lib/src/managers/clipboardmanager.cpp...
Generating code for file core_lib/src/managers/clipboardmanager.h...
Generating code for file core_lib/src/managers/colormanager.cpp...
Generating code for file core_lib/src/managers/colormanager.h...
Generating code for file core_lib/src/managers/layermanager.cpp...
Generating code for file core_lib/src/managers/layermanager.h...
Generating code for file core_lib/src/managers/overlaymanager.cpp...
Generating code for file core_lib/src/managers/overlaymanager.h...
Generating code for file core_lib/src/managers/playbackmanager.cpp...
Generating code for file core_lib/src/managers/playbackmanager.h...
Generating code for file core_lib/src/managers/preferencemanager.cpp...
Generating code for file core_lib/src/managers/preferencemanager.h...
Generating code for file core_lib/src/managers/selectionmanager.cpp...
Generating code for file core_lib/src/managers/selectionmanager.h...
Generating code for file core_lib/src/managers/soundmanager.cpp...
Generating code for file core_lib/src/managers/soundmanager.h...
Generating code for file core_lib/src/managers/toolmanager.cpp...
Generating code for file core_lib/src/managers/toolmanager.h...
Generating code for file core_lib/src/managers/undoredomanager.cpp...
Generating code for file core_lib/src/managers/undoredomanager.h...
Generating code for file core_lib/src/managers/viewmanager.cpp...
Generating code for file core_lib/src/managers/viewmanager.h...
Generating code for file core_lib/src/miniz.cpp...
Generating code for file core_lib/src/miniz.h...
Generating code for file core_lib/src/movieexporter.cpp...
Generating code for file core_lib/src/movieexporter.h...
Generating code for file core_lib/src/movieimporter.cpp...
Generating code for file core_lib/src/movieimporter.h...
Generating code for file core_lib/src/onionskinsubpainter.cpp...
Generating code for file core_lib/src/onionskinsubpainter.h...
Generating code for file core_lib/src/overlaypainter.cpp...
Generating code for file core_lib/src/overlaypainter.h...
Generating code for file core_lib/src/qminiz.cpp...
Generating code for file core_lib/src/qminiz.h...
Generating code for file core_lib/src/selectionpainter.cpp...
Generating code for file core_lib/src/selectionpainter.h...
Generating code for file core_lib/src/soundplayer.cpp...
Generating code for file core_lib/src/soundplayer.h...
Generating code for file core_lib/src/structure/camera.cpp...
Generating code for file core_lib/src/structure/camera.h...
Generating code for file core_lib/src/structure/filemanager.cpp...
Generating code for file core_lib/src/structure/filemanager.h...
Generating code for file core_lib/src/structure/keyframe.cpp...
Generating code for file core_lib/src/structure/keyframe.h...
Generating code for file core_lib/src/structure/layer.cpp...
Generating code for file core_lib/src/structure/layer.h...
Generating code for file core_lib/src/structure/layerbitmap.cpp...
Generating code for file core_lib/src/structure/layerbitmap.h...
Generating code for file core_lib/src/structure/layercamera.cpp...
Generating code for file core_lib/src/structure/layercamera.h...
Generating code for file core_lib/src/structure/layersound.cpp...
Generating code for file core_lib/src/structure/layersound.h...
Generating code for file core_lib/src/structure/layervector.cpp...
Generating code for file core_lib/src/structure/layervector.h...
Generating code for file core_lib/src/structure/object.cpp...
Generating code for file core_lib/src/structure/object.h...
Generating code for file core_lib/src/structure/objectdata.cpp...
Generating code for file core_lib/src/structure/objectdata.h...
Generating code for file core_lib/src/structure/pegbaraligner.cpp...
Generating code for file core_lib/src/structure/pegbaraligner.h...
Generating code for file core_lib/src/structure/soundclip.cpp...
Generating code for file core_lib/src/structure/soundclip.h...
Generating code for file core_lib/src/tool/basetool.cpp...
Generating code for file core_lib/src/tool/basetool.h...
Generating code for file core_lib/src/tool/brushtool.cpp...
Generating code for file core_lib/src/tool/brushtool.h...
Generating code for file core_lib/src/tool/buckettool.cpp...
Generating code for file core_lib/src/tool/buckettool.h...
Generating code for file core_lib/src/tool/cameratool.cpp...
Generating code for file core_lib/src/tool/cameratool.h...
Generating code for file core_lib/src/tool/erasertool.cpp...
Generating code for file core_lib/src/tool/erasertool.h...
Generating code for file core_lib/src/tool/eyedroppertool.cpp...
Generating code for file core_lib/src/tool/eyedroppertool.h...
Generating code for file core_lib/src/tool/handtool.cpp...
Generating code for file core_lib/src/tool/handtool.h...
Generating code for file core_lib/src/tool/movetool.cpp...
Generating code for file core_lib/src/tool/movetool.h...
Generating code for file core_lib/src/tool/penciltool.cpp...
Generating code for file core_lib/src/tool/penciltool.h...
Generating code for file core_lib/src/tool/pentool.cpp...
Generating code for file core_lib/src/tool/pentool.h...
Generating code for file core_lib/src/tool/polylinetool.cpp...
Generating code for file core_lib/src/tool/polylinetool.h...
Generating code for file core_lib/src/tool/selecttool.cpp...
Generating code for file core_lib/src/tool/selecttool.h...
Generating code for file core_lib/src/tool/smudgetool.cpp...
Generating code for file core_lib/src/tool/smudgetool.h...
Generating code for file core_lib/src/tool/strokeinterpolator.cpp...
Generating code for file core_lib/src/tool/strokeinterpolator.h...
Generating code for file core_lib/src/tool/stroketool.cpp...
Generating code for file core_lib/src/tool/stroketool.h...
Generating code for file core_lib/src/util/blitrect.cpp...
Generating code for file core_lib/src/util/blitrect.h...
Generating code for file core_lib/src/util/cameraeasingtype.cpp...
Generating code for file core_lib/src/util/cameraeasingtype.h...
Generating code for file core_lib/src/util/camerafieldoption.h...
Generating code for file core_lib/src/util/colordictionary.h...
Generating code for file core_lib/src/util/fileformat.cpp...
Generating code for file core_lib/src/util/fileformat.h...
Generating code for file core_lib/src/util/filetype.h...
Generating code for file core_lib/src/util/importimageconfig.h...
Generating code for file core_lib/src/util/log.cpp...
Generating code for file core_lib/src/util/log.h...
Generating code for file core_lib/src/util/mathutils.h...
Generating code for file core_lib/src/util/movemode.h...
Generating code for file core_lib/src/util/onionskinpainteroptions.h...
Generating code for file core_lib/src/util/onionskinpaintstate.h...
Generating code for file core_lib/src/util/painterutils.h...
Generating code for file core_lib/src/util/pencildef.h...
Generating code for file core_lib/src/util/pencilerror.cpp...
Generating code for file core_lib/src/util/pencilerror.h...
Generating code for file core_lib/src/util/pencilsettings.cpp...
Generating code for file core_lib/src/util/pencilsettings.h...
Generating code for file core_lib/src/util/pointerevent.cpp...
Generating code for file core_lib/src/util/pointerevent.h...
Generating code for file core_lib/src/util/preferencesdef.h...
Generating code for file core_lib/src/util/transform.cpp...
Generating code for file core_lib/src/util/transform.h...
Generating code for file core_lib/src/util/util.cpp...
Generating code for file core_lib/src/util/util.h...
Generating file documentation...
Generating page documentation...
Generating docs for page build_options...
Generating docs for page build_linux...
Generating docs for page build_ma/home/runner/work/pencil/pencil/core_lib/src/graphics/bitmap/bitmapbucket.h:52: warning: The following parameter of BitmapBucket::allowFill(const QPoint &checkPoint, const QRgb &checkColor) const is not documented:
  parameter 'checkColor'
/home/runner/work/pencil/pencil/core_lib/src/graphics/bitmap/bitmapimage.cpp:1033: warning: argument 'bitmapImage' of command @param is not found in the argument list of BitmapImage::expandFill(bool *fillPixels, const QRect &searchBounds, const QRect &maxBounds, int expand)
/home/runner/work/pencil/pencil/core_lib/src/graphics/bitmap/bitmapimage.cpp:1033: warning: argument 'searchColor' of command @param is not found in the argument list of BitmapImage::expandFill(bool *fillPixels, const QRect &searchBounds, const QRect &maxBounds, int expand)
/home/runner/work/pencil/pencil/core_lib/src/graphics/bitmap/bitmapimage.cpp:1033: warning: The following parameters of BitmapImage::expandFill(bool *fillPixels, const QRect &searchBounds, const QRect &maxBounds, int expand) are not documented:
  parameter 'fillPixels'
  parameter 'searchBounds'
  parameter 'maxBounds'
  parameter 'expand'
/home/runner/work/pencil/pencil/core_lib/src/canvaspainter.h:78: warning: argument 'pixmap' of command @param is not found in the argument list of CanvasPainter::initializePainter(QPainter &painter, QPaintDevice &device, const QRect &blitRect)
/home/runner/work/pencil/pencil/core_lib/src/canvaspainter.h:78: warning: The following parameter of CanvasPainter::initializePainter(QPainter &painter, QPaintDevice &device, const QRect &blitRect) is not documented:
  parameter 'device'
/home/runner/work/pencil/pencil/core_lib/src/canvaspainter.cpp:408: warning: The following parameter of CanvasPainter::paintCurrentFrame(QPainter &painter, const QRect &blitRect, int startLayer, int endLayer) is not documented:
  parameter 'blitRect'
cos...
Generating docs for page build_windows...
Generating docs for page code_overview...
Generating docs for page installer_development...
Generating group documentation...
Generating class documentation...
Generating docs for compound AboutDialog...
Generating docs for compound ActionCommands...
Generating docs for compound ActiveFramePool...
Generating docs for compound AddTransparencyToPaperDialog...
Generating docs for compound BackgroundWidget...
Generating docs for compound BackupLegacyBitmapElement...
Generating docs for compound BackupLegacySoundElement...
Generating docs for compound BackupLegacyVectorElement...
Generating docs for compound BaseDockWidget...
Generating docs for compound BaseManager...
Generating docs for compound BaseTool...
Generating docs for compound BezierArea...
Generating docs for compound BezierCurve...
Generating docs for compound BitmapBucket...
Generating docs for compound BitmapImage...
Generating docs for compound BitmapReplaceCommand...
Generating docs for compound BlitRect...
Generating docs for compound BrushTool...
Generating docs for compound BucketOptionsWidget...
Generating docs for compound BucketTool...
Generating docs for compound ButtonAppearanceWatcher...
Generating docs for compound Camera...
Generating docs for compound CameraContextMenu...
Generating docs for compound CameraOptionsWidget...
Generating docs for compound CameraPainter...
Generating docs for compound CameraPropertiesDialog...
Generating docs for compound CameraTool...
Generating docs for compound CanvasCursorPainter...
Generating docs for compound CanvasCursorPainterOptions...
Generating docs for compound CanvasPainter...
Generating docs for compound CanvasPainterOptions...
Generating docs for compound CheckUpdatesDialog...
Generating docs for compound ClipboardManager...
Generating docs for compound ColorBox...
Generating docs for compound ColorInspector...
Generating docs for compound ColorManager...
Generating docs for compound ColorPaletteWidget...
Generating docs for compound ColorRef...
Generating docs for compound ColorSlider...
Generating docs for compound ColorWheel...
Generating docs for compound CommandLineExporter...
Generating docs for compound CommandLineParser...
Generating docs for compound DebugDetails...
Generating docs for compound DoubleProgressDialog...
Generating docs for nested compound DoubleProgressDialog::ProgressBarControl...
Generating docs for compound Editor...
Generating docs for compound ElidedLabel...
Generating docs for compound EraserTool...
Generating docs for compound ErrorDialog...
Generating docs for compound ExportImageDialog...
Generating docs for compound ExportMovieDesc...
Generating docs for compound ExportMovieDialog...
Generating docs for compound EyedropperTool...
Generating docs for compound FileDialog...
Generating docs for compound FileManager...
Generating docs for compound FilesPage...
Generating docs for compound FlowLayout...
Generating docs for compound GeneralPage...
Generating docs for compound HandTool...
Generating docs for compound IconResource...
Generating docs for compound ImportExportDialog...
Generating docs for compound ImportImageConfig...
Generating docs for compound ImportImageSeqDialog...
Generating docs for compound ImportLayersDialog...
Generating docs for compound ImportPositionDialog...
Generating docs for compound inflate_state...
Generating docs for compound Intersection...
Generating docs for compound KeyFrame...
Generating docs for compound KeyFrameEventListener...
Generating docs for compound Layer...
Generating docs for compound LayerBitmap...
Generating docs for compound LayerCamera...
Generating docs for compound LayerManager...
Generating docs for compound LayerOpacityDialog...
Generating docs for compound LayerSound...
Generating docs for compound LayerVector...
Generating docs for compound LegacyBackupElement...
Generating docs for compound MainWindow2...
Generating docs for compound MoveTool...
Generating docs for compound MovieExporter...
Generating docs for compound MovieImporter...
Generating docs for compound mz_st/home/runner/work/pencil/pencil/core_lib/src/managers/selectionmanager.h:133: warning: argument 'currentPosition' of command @param is not found in the argument list of SelectionManager::alignPositionToAxis(QPointF currentPoint) const
/home/runner/work/pencil/pencil/core_lib/src/managers/selectionmanager.h:133: warning: The following parameter of SelectionManager::alignPositionToAxis(QPointF currentPoint) const is not documented:
  parameter 'currentPoint'
ream_s...
Generating docs for compound mz_zip_archive...
Generating docs for compound mz_zip_archive_file_stat...
Generating docs for compound mz_zip_array...
Generating docs for compound mz_zip_internal_state_tag...
Generating docs for compound mz_zip_reader_extract_iter_state...
Generating docs for compound mz_zip_writer_add_state...
Generating docs for compound Object...
Generating docs for compound ObjectData...
Generating docs for compound OnionSkinPainterOptions...
Generating docs for compound OnionSkinSubPainter...
Generating docs for compound OnionSkinWidget...
Generating docs for compound OverlayManager...
Generating docs for compound OverlayPainter...
Generating docs for compound OverlayPainterOptions...
Generating docs for compound PegBarAligner...
Generating docs for compound PegBarAlignmentDialog...
Generating docs for compound PegStatus...
Generating docs for compound Pencil2D...
Generating docs for compound PencilTool...
Generating docs for compound PenTool...
Generating docs for compound PlaybackManager...
Generating docs for compound PointerEvent...
Generating docs for compound PolylineTool...
Generating docs for compound PopupColorPaletteWidget...
Generating docs for compound PredefinedKeySet...
Generating docs for compound PredefinedKeySetParams...
Generating docs for compound PredefinedSetModel...
Generating docs for compound PreferenceManager...
Generating docs for compound PreferencesDialog...
Generating docs for compound PresetDialog...
Generating docs for compound Properties...
Generating docs for compound RecentFileMenu...
Generating docs for compound RepositionFramesDialog...
Generating docs for compound RowLayoutInfo...
Generating docs for compound ScopeGuard...
Generating docs for compound ScribbleArea...
Generating docs for compound SelectionManager...
Generating docs for compound SelectionPainter...
Generating docs for compound SelectionSaveState...
Generating docs for compound SelectTool...
Generating docs for compound ShortcutFilter...
Generating docs for compound ShortcutsPage...
Generating docs for compound SmudgeTool...
Generating docs for compound SoundClip...
Generating docs for compound SoundManager...
Generating docs for compound SoundPlayer...
Generating docs for compound SpinSlider...
Generating docs for compound Status...
Generating docs for compound StatusBar...
Generating docs for compound StrokeInterpolator...
Generating docs for compound StrokeTool...
Generating docs for compound tdefl_compressor...
Generating docs for compound tdefl_output_buffer...
Generating docs for compound tdefl_sym_freq...
Generating docs for compound Tile...
Generating docs for compound TiledBuffer...
Generating docs for compound TileIndex...
Generating docs for compound TimeControls...
Generating docs for compound TimeLine...
Generating docs for compound TimeLineCells...
Generating docs for compound TimelinePage...
Generating docs for compound tinfl_decompressor_tag...
Generating docs for compound TitleBarWidget...
Generating docs for compound ToolBoxDockWidget...
Generating docs for compound ToolBoxLayout...
Generating docs for compound ToolBoxWidget...
Generating docs for compound ToolManager...
Generating docs for compound ToolOptionWidget...
Generating docs for compound ToolsPage...
Generating docs for compound Transform...
Generating docs for compound TransformCommand...
Generating docs for compound TransformParameters...
Generating docs for compound UndoRedoCommand...
Generating docs for compound UndoRedoManager...
Generating docs for compound UndoSaveState...
Generating docs for compound VectorImage...
Generating docs for compound VectorReplaceCommand...
Generating docs for compound VectorSelection...
Generating docs for compound VertexRef...
Generating docs for compound ViewManager...
Generating concept documentation...
Generating namespace index...
Generating graph info page...
Generating directory documentation...
Generating dependency graph for directory core_lib/src/graphics/bitmap
Generating dependency graph for directory core_lib/src/external
Generating dependency graph for directory core_lib/src/graphics
Generating dependency graph for directory core_lib/src/interface
Generating dependency graph for directory core_lib/src/external/linux
Generating dependency graph for directory core_lib/src/external/macosx
Generating dependency graph for directory core_lib/src/managers
Generating dependency graph for directory app/src
Generating dependency graph for directory core_lib/src
Generating dependency graph for directory core_lib/src/structure
Generating dependency graph for directory core_lib/src/tool
Generating dependency graph for directory core_lib/src/util
Generating dependency graph for directory core_lib/src/graphics/vector
Generating dependency graph for directory core_lib/src/external/win32
Generating index page...
Generating page index...
Generating module index...
Generating namespace index...
Generating namespace member index...
Generating concept index...
Generating annotated compound index...
Generating alphabetical compound index...
Generating hierarchical class index...
Generating graphical class hierarchy...
Generating member index...
Generating file index...
Generating file member index...
Generating example index...
finalizing index lists...
writing tag file...
Running plantuml with JAVA...
Running dot...
Generating dot graphs using 5 parallel threads...
Running dot for graph 1/326
Running dot for graph 2/326
Running dot for graph 3/326
Running dot for graph 4/326
Running dot for graph 5/326
Running dot for graph 6/326
Running dot for graph 7/326
Running dot for graph 8/326
Running dot for graph 9/326
Running dot for graph 10/326
Running dot for graph 11/326
Running dot for graph 12/326
Running dot for graph 13/326
Running dot for graph 14/326
Running dot for graph 15/326
Running dot for graph 16/326
Running dot for graph 17/326
Running dot for graph 18/326
Running dot for graph 19/326
Running dot for graph 20/326
Running dot for graph 21/326
Running dot for graph 22/326
Running dot for graph 23/326
Running dot for graph 24/326
Running dot for graph 25/326
Running dot for graph 26/326
Running dot for graph 27/326
Running dot for graph 28/326
Running dot for graph 29/326
Running dot for graph 30/326
Running dot for graph 31/326
Running dot for graph 32/326
Running dot for graph 33/326
Running dot for graph 34/326
Running dot for graph 35/326
Running dot for graph 36/326
Running dot for graph 37/326
Running dot for graph 38/326
Running dot for graph 39/326
Running dot for graph 40/326
Running dot for graph 41/326
Running dot for graph 42/326
Running dot for graph 43/326
Running dot for graph 44/326
Running dot for graph 45/326
Running dot for graph 46/326
Running dot for graph 47/326
Running dot for graph 48/326
Running dot for graph 49/326
Running dot for graph 50/326
Running dot for graph 51/326
Running dot for graph 52/326
Running dot for graph 53/326
Running dot for graph 54/326
Running dot for graph 55/326
Running dot for graph 56/326
Running dot for graph 57/326
Running dot for graph 58/326
Running dot for graph 59/326
Running dot for graph 60/326
Running dot for graph 61/326
Running dot for graph 62/326
Running dot for graph 63/326
Running dot for graph 64/326
Running dot for graph 65/326
Running dot for graph 66/326
Running dot for graph 67/326
Running dot for graph 68/326
Running dot for graph 69/326
Running dot for graph 70/326
Running dot for graph 71/326
Running dot for graph 72/326
Running dot for graph 73/326
Running dot for graph 74/326
Running dot for graph 75/326
Running dot for graph 76/326
Running dot for graph 77/326
Running dot for graph 78/326
Running dot for graph 79/326
Running dot for graph 80/326
Running dot for graph 81/326
Running dot for graph 82/326
Running dot for graph 83/326
Running dot for graph 84/326
Running dot for graph 85/326
Running dot for graph 86/326
Running dot for graph 87/326
Running dot for graph 88/326
Running dot for graph 89/326
Running dot for graph 90/326
Running dot for graph 91/326
Running dot for graph 92/326
Running dot for graph 93/326
Running dot for graph 94/326
Running dot for graph 95/326
Running dot for graph 96/326
Running dot for graph 97/326
Running dot for graph 98/326
Running dot for graph 99/326
Running dot for graph 100/326
Running dot for graph 101/326
Running dot for graph 102/326
Running dot for graph 103/326
Running dot for graph 104/326
Running dot for graph 105/326
Running dot for graph 106/326
Running dot for graph 107/326
Running dot for graph 108/326
Running dot for graph 109/326
Running dot for graph 110/326
Running dot for graph 111/326
Running dot for graph 112/326
Running dot for graph 113/326
Running dot for graph 114/326
Running dot for graph 115/326
Running dot for graph 116/326
Running dot for graph 117/326
Running dot for graph 118/326
Running dot for graph 119/326
Running dot for graph 120/326
Running dot for graph 121/326
Running dot for graph 122/326
Running dot for graph 123/326
Running dot for graph 124/326
Running dot for graph 125/326
Running dot for graph 126/326
Running dot for graph 127/326
Running dot for graph 128/326
Running dot for graph 129/326
Running dot for graph 130/326
Running dot for graph 131/326
Running dot for graph 132/326
Running dot for graph 133/326
Running dot for graph 134/326
Running dot for graph 135/326
Running dot for graph 136/326
Running dot for graph 137/326
Running dot for graph 138/326
Running dot for graph 139/326
Running dot for graph 140/326
Running dot for graph 141/326
Running dot for graph 142/326
Running dot for graph 143/326
Running dot for graph 144/326
Running dot for graph 145/326
Running dot for graph 146/326
Running dot for graph 147/326
Running dot for graph 148/326
Running dot for graph 149/326
Running dot for graph 150/326
Running dot for graph 151/326
Running dot for graph 152/326
Running dot for graph 153/326
Running dot for graph 154/326
Running dot for graph 155/326
Running dot for graph 156/326
Running dot for graph 157/326
Running dot for graph 158/326
Running dot for graph 159/326
Running dot for graph 160/326
Running dot for graph 161/326
Running dot for graph 162/326
Running dot for graph 163/326
Running dot for graph 164/326
Running dot for graph 165/326
Running dot for graph 166/326
Running dot for graph 167/326
Running dot for graph 168/326
Running dot for graph 169/326
Running dot for graph 170/326
Running dot for graph 171/326
Running dot for graph 172/326
Running dot for graph 173/326
Running dot for graph 174/326
Running dot for graph 175/326
Running dot for graph 176/326
Running dot for graph 177/326
Running dot for graph 178/326
Running dot for graph 179/326
Running dot for graph 180/326
Running dot for graph 181/326
Running dot for graph 182/326
Running dot for graph 183/326
Running dot for graph 184/326
Running dot for graph 185/326
Running dot for graph 186/326
Running dot for graph 187/326
Running dot for graph 188/326
Running dot for graph 189/326
Running dot for graph 190/326
Running dot for graph 191/326
Running dot for graph 192/326
Running dot for graph 193/326
Running dot for graph 194/326
Running dot for graph 195/326
Running dot for graph 196/326
Running dot for graph 197/326
Running dot for graph 198/326
Running dot for graph 199/326
Running dot for graph 200/326
Running dot for graph 201/326
Running dot for graph 202/326
Running dot for graph 203/326
Running dot for graph 204/326
Running dot for graph 205/326
Running dot for graph 206/326
Running dot for graph 207/326
Running dot for graph 208/326
Running dot for graph 209/326
Running dot for graph 210/326
Running dot for graph 211/326
Running dot for graph 212/326
Running dot for graph 213/326
Running dot for graph 214/326
Running dot for graph 215/326
Running dot for graph 216/326
Running dot for graph 217/326
Running dot for graph 218/326
Running dot for graph 219/326
Running dot for graph 220/326
Running dot for graph 221/326
Running dot for graph 222/326
Running dot for graph 223/326
Running dot for graph 224/326
Running dot for graph 225/326
Running dot for graph 226/326
Running dot for graph 227/326
Running dot for graph 228/326
Running dot for graph 229/326
Running dot for graph 230/326
Running dot for graph 231/326
Running dot for graph 232/326
Running dot for graph 233/326
Running dot for graph 234/326
Running dot for graph 235/326
Running dot for graph 236/326
Running dot for graph 237/326
Running dot for graph 238/326
Running dot for graph 239/326
Running dot for graph 240/326
Running dot for graph 241/326
Running dot for graph 242/326
Running dot for graph 243/326
Running dot for graph 244/326
Running dot for graph 245/326
Running dot for graph 246/326
Running dot for graph 247/326
Running dot for graph 248/326
Running dot for graph 249/326
Running dot for graph 250/326
Running dot for graph 251/326
Running dot for graph 252/326
Running dot for graph 253/326
Running dot for graph 254/326
Running dot for graph 255/326
Running dot for graph 256/326
Running dot for graph 257/326
Running dot for graph 258/326
Running dot for graph 259/326
Running dot for graph 260/326
Running dot for graph 261/326
Running dot for graph 262/326
Running dot for graph 263/326
Running dot for graph 264/326
Running dot for graph 265/326
Running dot for graph 266/326
Running dot for graph 267/326
Running dot for graph 268/326
Running dot for graph 269/326
Running dot for graph 270/326
Running dot for graph 271/326
Running dot for graph 272/326
Running dot for graph 273/326
Running dot for graph 274/326
Running dot for graph 275/326
Running dot for graph 276/326
Running dot for graph 277/326
Running dot for graph 278/326
Running dot for graph 279/326
Running dot for graph 280/326
Running dot for graph 281/326
Running dot for graph 282/326
Running dot for graph 283/326
Running dot for graph 284/326
Running dot for graph 285/326
Running dot for graph 286/326
Running dot for graph 287/326
Running dot for graph 288/326
Running dot for graph 289/326
Running dot for graph 290/326
Running dot for graph 291/326
Running dot for graph 292/326
Running dot for graph 293/326
Running dot for graph 294/326
Running dot for graph 295/326
Running dot for graph 296/326
Running dot for graph 297/326
Running dot for graph 298/326
Running dot for graph 299/326
Running dot for graph 300/326
Running dot for graph 301/326
Running dot for graph 302/326
Running dot for graph 303/326
Running dot for graph 304/326
Running dot for graph 305/326
Running dot for graph 306/326
Running dot for graph 307/326
Running dot for graph 308/326
Running dot for graph 309/326
Running dot for graph 310/326
Running dot for graph 311/326
Running dot for graph 312/326
Running dot for graph 313/326
Running dot for graph 314/326
Running dot for graph 315/326
Running dot for graph 316/326
Running dot for graph 317/326
Running dot for graph 318/326
Running dot for graph 319/326
Running dot for graph 320/326
Running dot for graph 321/326
Running dot for graph 322/326
Running dot for graph 323/326
Running dot for graph 324/326
Running dot for graph 325/326
Running dot for graph 326/326
Patching output file 1/159
Patching output file 2/159
Patching output file 3/159
Patching output file 4/159
Patching output file 5/159
Patching output file 6/159
Patching output file 7/159
Patching output file 8/159
Patching output file 9/159
Patching output file 10/159
Patching output file 11/159
Patching output file 12/159
Patching output file 13/159
Patching output file 14/159
Patching output file 15/159
Patching output file 16/159
Patching output file 17/159
Patching output file 18/159
Patching output file 19/159
Patching output file 20/159
Patching output file 21/159
Patching output file 22/159
Patching output file 23/159
Patching output file 24/159
Patching output file 25/159
Patching output file 26/159
Patching output file 27/159
Patching output file 28/159
Patching output file 29/159
Patching output file 30/159
Patching output file 31/159
Patching output file 32/159
Patching output file 33/159
Patching output file 34/159
Patching output file 35/159
Patching output file 36/159
Patching output file 37/159
Patching output file 38/159
Patching output file 39/159
Patching output file 40/159
Patching output file 41/159
Patching output file 42/159
Patching output file 43/159
Patching output file 44/159
Patching output file 45/159
Patching output file 46/159
Patching output file 47/159
Patching output file 48/159
Patching output file 49/159
Patching output file 50/159
Patching output file 51/159
Patching output file 52/159
Patching output file 53/159
Patching output file 54/159
Patching output file 55/159
Patching output file 56/159
Patching output file 57/159
Patching output file 58/159
Patching output file 59/159
Patching output file 60/159
Patching output file 61/159
Patching output file 62/159
Patching output file 63/159
Patching output file 64/159
Patching output file 65/159
Patching output file 66/159
Patching output file 67/159
Patching output file 68/159
Patching output file 69/159
Patching output file 70/159
Patching output file 71/159
Patching output file 72/159
Patching output file 73/159
Patching output file 74/159
Patching output file 75/159
Patching output file 76/159
Patching output file 77/159
Patching output file 78/159
Patching output file 79/159
Patching output file 80/159
Patching output file 81/159
Patching output file 82/159
Patching output file 83/159
Patching output file 84/159
Patching output file 85/159
Patching output file 86/159
Patching output file 87/159
Patching output file 88/159
Patching output file 89/159
Patching output file 90/159
Patching output file 91/159
Patching output file 92/159
Patching output file 93/159
Patching output file 94/159
Patching output file 95/159
Patching output file 96/159
Patching output file 97/159
Patching output file 98/159
Patching output file 99/159
Patching output file 100/159
Patching output file 101/159
Patching output file 102/159
Patching output file 103/159
Patching output file 104/159
Patching output file 105/159
Patching output file 106/159
Patching output file 107/159
Patching output file 108/159
Patching output file 109/159
Patching output file 110/159
Patching output file 111/159
Patching output file 112/159
Patching output file 113/159
Patching output file 114/159
Patching output file 115/159
Patching output file 116/159
Patching output file 117/159
Patching output file 118/159
Patching output file 119/159
Patching output file 120/159
Patching output file 121/159
Patching output file 122/159
Patching output file 123/159
Patching output file 124/159
Patching output file 125/159
Patching output file 126/159
Patching output file 127/159
Patching output file 128/159
Patching output file 129/159
Patching output file 130/159
Patching output file 131/159
Patching output file 132/159
Patching output file 133/159
Patching output file 134/159
Patching output file 135/159
Patching output file 136/159
Patching output file 137/159
Patching output file 138/159
Patching output file 139/159
Patching output file 140/159
Patching output file 141/159
Patching output file 142/159
Patching output file 143/159
Patching output file 144/159
Patching output file 145/159
Patching output file 146/159
Patching output file 147/159
Patching output file 148/159
Patching output file 149/159
Patching output file 150/159
Patching output file 151/159
Patching output file 152/159
Patching output file 153/159
Patching output file 154/159
Patching output file 155/159
Patching output file 156/159
Patching output file 157/159
Patching output file 158/159
Patching output file 159/159
type lookup cache used 18281/65536 hits=130444 misses=19382
symbol lookup cache used 18883/65536 hits=209075 misses=18883
finished...
